
 -----------------------------------------------
      Restrained ESP Fit 2.3  Amber 4.1
 -----------------------------------------------
 Resp charges for organic molecule                                               
 -----------------------------------------------


 inopt       =     0   ioutopt     =     1
 nmol        =     1   iqopt       =     2
 ihfree      =     1   irstrnt     =     1
 iunits      =     0   qwt         =   0.00100000
 wtmol(1) =     1.000000
 subtitle:

Resp charges for organic molecule                                               
ich =   0  iuniq =  39
    1    7  -99
    2    6  -99
    3    6  -99
    4    6    0
    5    6  -99
    6    6    0
    7    6    6
    8    8  -99
    9    8  -99
   10    7  -99
   11    6  -99
   12    6  -99
   13    8  -99
   14    6  -99
   15    8  -99
   16    6    0
   17    1  -99
   18    1  -99
   19    1  -99
   20    1    0
   21    1   20
   22    1  -99
   23    1    0
   24    1   23
   25    1   23
   26    1   23
   27    1   23
   28    1   23
   29    1  -99
   30    1  -99
   31    1  -99
   32    1  -99
   33    8  -99
   34    1  -99
   35    1  -99
   36    1    0
   37    1   36
   38    1   36
   39    1  -99
 new q0 values to be read  39

  ----------------------------------------------------------------------------
     ATOM                       COORDINATES                         CHARGE
                       X             Y                Z
  ----------------------------------------------------------------------------
  ----------------------------------------------------------------------------


 Charge on the molecule(ich) =    0
 Total number of atoms (iuniq)     =   39
 Weight factor on initial charge restraints(qwt)=     0.10000D-02


  there are  1 charge constraints:


     1       1
     2       1
     3       1
     4       1
     5       1
     6       1
     7       1
     8       1
     9       1
    10       1
    11       1
    12       1
    13       1
    14       1
    15       1
    16       1
    17       1
    18       1
    19       1
    20       1
    21       1
    22       1
    23       1
    24       1
    25       1
    26       1
    27       1
    28       1
    29       1
    30       1
    31       1
    32       1
    33       1
    34       1
    35       1
    36       1
    37       1
    38       1
    39       1

 Reading esp"s for molecule   1
 total number of atoms      =    39
 total number of esp points =  8780


 center     X       Y       Z 
    1  -0.3070983E+01   0.3277780E+01   0.1182233E+01
    2  -0.2895587E+01   0.6291507E+00   0.4689424E+00
    3  -0.5090537E+00  -0.1554756E-02  -0.1103506E+01
    4  -0.5308452E+01  -0.1829412E+00  -0.9101540E+00
    5  -0.7789830E+01   0.3086206E+00   0.5191811E+00
    6  -0.1003020E+02  -0.4876620E+00  -0.1134093E+01
    7  -0.7890582E+01  -0.1041374E+01   0.3077046E+01
    8  -0.5134943E+00  -0.2508889E+01  -0.1862240E+01
    9  -0.4509939E+00   0.1324041E+01  -0.3365830E+01
   10   0.1698638E+01   0.6817739E+00   0.3588558E+00
   11   0.4117233E+01  -0.8221009E-01  -0.6423474E+00
   12   0.4794011E+01  -0.2772478E+01   0.1385433E+00
   13   0.3526116E+01  -0.4100499E+01   0.1441598E+01
   14   0.6230857E+01   0.1717932E+01   0.1934041E+00
   15   0.6367890E+01   0.1484001E+01   0.2842108E+01
   16   0.5765345E+01   0.4438900E+01  -0.6089632E+00
   17  -0.1437135E+01   0.3930219E+01   0.1875663E+01
   18  -0.3572593E+01   0.4358506E+01  -0.2891073E+00
   19  -0.2730252E+01  -0.4553308E+00   0.2206500E+01
   20  -0.5372101E+01   0.7943941E+00  -0.2716273E+01
   21  -0.5166401E+01  -0.2177436E+01  -0.1352577E+01
   22  -0.7948006E+01   0.2322686E+01   0.8743499E+00
   23  -0.9983984E+01  -0.2504822E+01  -0.1522056E+01
   24  -0.1181535E+02  -0.7098199E-01  -0.2104802E+00
   25  -0.1001544E+02   0.4927372E+00  -0.2937668E+01
   26  -0.6465192E+01  -0.3301523E+00   0.4365192E+01
   27  -0.9717105E+01  -0.7645248E+00   0.3971643E+01
   28  -0.7606872E+01  -0.3066017E+01   0.2858528E+01
   29  -0.5102106E-01  -0.3545212E+01  -0.4722753E+00
   30  -0.2544343E+00   0.3059056E+01  -0.2973805E+01
   31   0.1543748E+01   0.1559821E+00   0.2167743E+01
   32   0.4020094E+01  -0.6175736E-01  -0.2685240E+01
   33   0.6979449E+01  -0.3532118E+01  -0.8154609E+00
   34   0.7981567E+01   0.1059977E+01  -0.6478629E+00
   35   0.7739062E+01   0.2443878E+01   0.3476603E+01
   36   0.7336367E+01   0.5625257E+01  -0.2317555E-01
   37   0.5606235E+01   0.4585337E+01  -0.2649304E+01
   38   0.4055284E+01   0.5158525E+01   0.2481700E+00
   39   0.7285734E+01  -0.5217784E+01  -0.2618993E+00
 Initial ssvpot =     2.533


 Number of unique UNfrozen centers=    6

 Non-linear optimization requested.
 qchnge =    0.6680366604E-01
 qchnge =    0.3603385969E-03
 qchnge =    0.8688538315E-05
 qchnge =    0.2369606725E-06

 Convergence in    3 iterations


Resp charges for organic molecule                                               

          Point Charges Before & After Optimization

    no.  At.no.    q(init)       q(opt)     ivary    d(rstr)/dq
    1   7      -1.010413      -1.010413    -99       0.000985
    2   6       0.145896       0.145896    -99       0.005654
    3   6       0.590481       0.590481    -99       0.001670
    4   6      -0.193707      -0.159185      0       0.005320
    5   6       0.500341       0.500341    -99       0.001960
    6   6      -0.419186      -0.485998      0       0.002015
    7   6      -0.551137      -0.485998      6       0.002015
    8   8      -0.604141      -0.604141    -99       0.001633
    9   8      -0.604141      -0.604141    -99       0.001633
   10   7      -0.655452      -0.655452    -99       0.001508
   11   6       0.023564       0.023564    -99       0.009733
   12   6       0.772391       0.772391    -99       0.001284
   13   8      -0.604090      -0.604090    -99       0.001633
   14   6       0.324336       0.324336    -99       0.002946
   15   8      -0.705400      -0.705400    -99       0.001404
   16   6      -0.365574      -0.372249      0       0.002594
   17   1       0.376742       0.376742    -99       0.000000
   18   1       0.376742       0.376742    -99       0.000000
   19   1       0.066992       0.066992    -99       0.000000
   20   1       0.062261       0.038890      0       0.000000
   21   1       0.043481       0.038890     20       0.000000
   22   1      -0.047064      -0.047064    -99       0.000000
   23   1       0.098141       0.104891      0       0.000000
   24   1       0.088897       0.104891     23       0.000000
   25   1       0.074381       0.104891     23       0.000000
   26   1       0.133660       0.104891     23       0.000000
   27   1       0.122784       0.104891     23       0.000000
   28   1       0.115243       0.104891     23       0.000000
   29   1       0.401551       0.401551    -99       0.000000
   30   1       0.401551       0.401551    -99       0.000000
   31   1       0.357984       0.357984    -99       0.000000
   32   1       0.122960       0.122960    -99       0.000000
   33   8      -0.686670      -0.686670    -99       0.001441
   34   1       0.024782       0.024782    -99       0.000000
   35   1       0.452970       0.452970    -99       0.000000
   36   1       0.093094       0.097501      0       0.000000
   37   1       0.095724       0.097501     36       0.000000
   38   1       0.098139       0.097501     36       0.000000
   39   1       0.481888       0.481888    -99       0.000000

 Sum over the calculated charges:      0.000

        Statistics of the fitting:
  The initial sum of squares (ssvpot)                      2.533
  The residual sum of squares (chipot)                     0.015
  The std err of estimate (sqrt(chipot/N))               0.00129
  ESP relative RMS (SQRT(chipot/ssvpot))                 0.07599

 Center of Mass (Angst.):

 X  =   0.00000      Y  =   0.00000      Z  =   0.00000

 Dipole (Debye):

 X  =   4.12685      Y  =   2.12553      Z  =   0.40746

 Dipole Moment (Debye)=   4.65991

 Quadrupole (Debye*Angst.):

 Qxx =  26.33583     QYY =  11.31477     QZZ = -37.65060
 Qxy = -22.65194     QXZ = -22.78264     QYZ = -35.39353
