
 -----------------------------------------------
      Restrained ESP Fit 2.3  Amber 4.1
 -----------------------------------------------
 Resp charges for organic molecule                                               
 -----------------------------------------------


 inopt       =     0   ioutopt     =     1
 nmol        =     1   iqopt       =     2
 ihfree      =     1   irstrnt     =     1
 iunits      =     0   qwt         =   0.00100000
 wtmol(1) =     1.000000
 subtitle:

Resp charges for organic molecule                                               
ich =   0  iuniq =  37
    1    7  -99
    2    6  -99
    3    6    0
    4    6    0
    5    6    0
    6    6    0
    7    7  -99
    8    6  -99
    9    8  -99
   10    6    0
   11    6  -99
   12    8  -99
   13    8  -99
   14    6    0
   15    6    0
   16    1  -99
   17    1  -99
   18    1  -99
   19    1    0
   20    1   19
   21    1    0
   22    1   21
   23    1    0
   24    1   23
   25    1    0
   26    1   25
   27    1  -99
   28    1  -99
   29    1  -99
   30    1  -99
   31    1    0
   32    1   31
   33    1    0
   34    1   33
   35    1    0
   36    1   35
   37    1   35
 new q0 values to be read  37

  ----------------------------------------------------------------------------
     ATOM                       COORDINATES                         CHARGE
                       X             Y                Z
  ----------------------------------------------------------------------------
  ----------------------------------------------------------------------------


 Charge on the molecule(ich) =    0
 Total number of atoms (iuniq)     =   37
 Weight factor on initial charge restraints(qwt)=     0.10000D-02


  there are  1 charge constraints:


     1       1
     2       1
     3       1
     4       1
     5       1
     6       1
     7       1
     8       1
     9       1
    10       1
    11       1
    12       1
    13       1
    14       1
    15       1
    16       1
    17       1
    18       1
    19       1
    20       1
    21       1
    22       1
    23       1
    24       1
    25       1
    26       1
    27       1
    28       1
    29       1
    30       1
    31       1
    32       1
    33       1
    34       1
    35       1
    36       1
    37       1

 Reading esp"s for molecule   1
 total number of atoms      =    37
 total number of esp points =  9139


 center     X       Y       Z 
    1   0.1071270E+01   0.3125877E+01  -0.1524997E+01
    2   0.1314276E+01   0.3855449E+00  -0.1235523E+01
    3   0.3601469E+01  -0.4423192E+00   0.3423967E+00
    4   0.6152659E+01   0.3891689E+00  -0.7365856E+00
    5   0.8391445E+01  -0.5823088E+00   0.8127726E+00
    6   0.1094219E+02   0.2579119E+00  -0.2334000E+00
    7   0.1299327E+02  -0.7815931E+00   0.1274214E+01
    8  -0.1161957E+01  -0.6202121E+00  -0.9755832E-01
    9  -0.1827864E+01   0.7695232E+00   0.2064145E+01
   10  -0.3326398E+01  -0.5981602E+00  -0.2022826E+01
   11  -0.5726662E+01  -0.1534137E+01  -0.7984778E+00
   12  -0.6115119E+01  -0.3690767E+01  -0.2945938E+00
   13  -0.7344530E+01   0.3114549E+00  -0.3202944E+00
   14  -0.9625164E+01  -0.3435959E+00   0.9474185E+00
   15  -0.1112551E+02   0.2065104E+01   0.1312811E+01
   16   0.2122038E+01   0.3767167E+01  -0.2959153E+01
   17   0.1671257E+01   0.4014354E+01   0.3636484E-01
   18   0.1507940E+01  -0.4075050E+00  -0.3120224E+01
   19   0.3379794E+01   0.2786240E+00   0.2254840E+01
   20   0.3581625E+01  -0.2491964E+01   0.4940048E+00
   21   0.6324995E+01  -0.2873476E+00  -0.2673586E+01
   22   0.6237027E+01   0.2440946E+01  -0.8315854E+00
   23   0.8209974E+01   0.7472523E-01   0.2755315E+01
   24   0.8365395E+01  -0.2632654E+01   0.8883605E+00
   25   0.1115569E+02  -0.4489605E+00  -0.2147871E+01
   26   0.1098733E+02   0.2319441E+01  -0.3556884E+00
   27   0.1467281E+02  -0.3432784E+00   0.5192193E+00
   28   0.1297060E+02  -0.5365182E-01   0.3022783E+01
   29  -0.8949914E+00  -0.2541155E+01   0.5495887E+00
   30  -0.2260723E+01   0.2430533E+01   0.1541237E+01
   31  -0.2883644E+01  -0.1867715E+01  -0.3568560E+01
   32  -0.3587365E+01   0.1289465E+01  -0.2764150E+01
   33  -0.9161027E+01  -0.1224276E+01   0.2731490E+01
   34  -0.1064676E+02  -0.1706123E+01  -0.1823979E+00
   35  -0.1288901E+02   0.1650599E+01   0.2274151E+01
   36  -0.1007316E+02   0.3411685E+01   0.2442607E+01
   37  -0.1155955E+02   0.2933437E+01  -0.4914888E+00
 Initial ssvpot =     2.370


 Number of unique UNfrozen centers=   14

 Non-linear optimization requested.
 qchnge =    0.6635670070E-01
 qchnge =    0.1577147334E-02
 qchnge =    0.1447711974E-03
 qchnge =    0.1540035506E-04
 qchnge =    0.1669552951E-05
 qchnge =    0.1818818827E-06

 Convergence in    5 iterations


Resp charges for organic molecule                                               

          Point Charges Before & After Optimization

    no.  At.no.    q(init)       q(opt)     ivary    d(rstr)/dq
    1   7      -1.027380      -1.027380    -99       0.000969
    2   6       0.274977       0.274977    -99       0.003418
    3   6      -0.148243      -0.102558      0       0.006981
    4   6      -0.027390      -0.054678      0       0.008774
    5   6      -0.001506      -0.003499      0       0.009994
    6   6       0.384923       0.379696      0       0.002547
    7   7      -1.089517      -1.089517    -99       0.000914
    8   6       0.126603       0.126603    -99       0.006198
    9   8      -0.619796      -0.619796    -99       0.001593
   10   6      -0.457825      -0.477341      0       0.002050
   11   6       0.955143       0.955143    -99       0.001041
   12   8      -0.646815      -0.646815    -99       0.001528
   13   8      -0.530647      -0.530647    -99       0.001852
   14   6       0.377713       0.494971      0       0.001980
   15   6      -0.330112      -0.326154      0       0.002931
   16   1       0.389711       0.389711    -99       0.000000
   17   1       0.389711       0.389711    -99       0.000000
   18   1       0.084319       0.084319    -99       0.000000
   19   1       0.067106       0.031229      0       0.000000
   20   1       0.020371       0.031229     19       0.000000
   21   1      -0.020794      -0.007794      0       0.000000
   22   1      -0.002066      -0.007794     21       0.000000
   23   1       0.014002       0.028007      0       0.000000
   24   1       0.036098       0.028007     23       0.000000
   25   1       0.009704      -0.030348      0       0.000000
   26   1      -0.076962      -0.030348     25       0.000000
   27   1       0.390319       0.390319    -99       0.000000
   28   1       0.390319       0.390319    -99       0.000000
   29   1       0.114274       0.114274    -99       0.000000
   30   1       0.428547       0.428547    -99       0.000000
   31   1       0.106394       0.125843      0       0.000000
   32   1       0.143364       0.125843     31       0.000000
   33   1       0.009255      -0.039314      0       0.000000
   34   1      -0.000963      -0.039314     33       0.000000
   35   1       0.073745       0.081516      0       0.000000
   36   1       0.097669       0.081516     35       0.000000
   37   1       0.095747       0.081516     35       0.000000

 Sum over the calculated charges:      0.000

        Statistics of the fitting:
  The initial sum of squares (ssvpot)                      2.370
  The residual sum of squares (chipot)                     0.054
  The std err of estimate (sqrt(chipot/N))               0.00243
  ESP relative RMS (SQRT(chipot/ssvpot))                 0.15086

 Center of Mass (Angst.):

 X  =   0.00000      Y  =   0.00000      Z  =   0.00000

 Dipole (Debye):

 X  =   1.85838      Y  =   4.03537      Z  =  -1.25294

 Dipole Moment (Debye)=   4.61602

 Quadrupole (Debye*Angst.):

 Qxx =  31.47804     QYY = -27.47713     QZZ =  -4.00091
 Qxy =  -3.71995     QXZ = -24.71075     QYZ = -12.71261
