
 -----------------------------------------------
      Restrained ESP Fit 2.3  Amber 4.1
 -----------------------------------------------
 Resp charges for organic molecule                                               
 -----------------------------------------------


 inopt       =     0   ioutopt     =     1
 nmol        =     1   iqopt       =     0
 ihfree      =     1   irstrnt     =     1
 iunits      =     0   qwt         =   0.00050000
 wtmol(1) =     1.000000
 subtitle:

Resp charges for organic molecule                                               
ich =   0  iuniq =  36
    1    8    0
    2    7    0
    3    6    0
    4    6    0
    5    6    0
    6    6    0
    7    6    0
    8    7    0
    9    6    0
   10    6    0
   11    6    0
   12    8    0
   13    6    0
   14    6    0
   15    1    0
   16    1    0
   17    1    0
   18    1    0
   19    1    0
   20    1    0
   21    1    0
   22    1    0
   23    1    0
   24    1    0
   25    1    0
   26    1    0
   27    1    0
   28    1    0
   29    1    0
   30    1    0
   31    1    0
   32    1    0
   33    1    0
   34    1    0
   35    1    0
   36    1    0

  ----------------------------------------------------------------------------
     ATOM                       COORDINATES                         CHARGE
                       X             Y                Z
  ----------------------------------------------------------------------------
  ----------------------------------------------------------------------------


 Charge on the molecule(ich) =    0
 Total number of atoms (iuniq)     =   36
 Weight factor on initial charge restraints(qwt)=     0.50000D-03


  there are  1 charge constraints:


     1       1
     2       1
     3       1
     4       1
     5       1
     6       1
     7       1
     8       1
     9       1
    10       1
    11       1
    12       1
    13       1
    14       1
    15       1
    16       1
    17       1
    18       1
    19       1
    20       1
    21       1
    22       1
    23       1
    24       1
    25       1
    26       1
    27       1
    28       1
    29       1
    30       1
    31       1
    32       1
    33       1
    34       1
    35       1
    36       1

 Reading esp"s for molecule   1
 total number of atoms      =    36
 total number of esp points =  8404


 center     X       Y       Z 
    1  -0.5200656E+01  -0.4120928E+01  -0.1862583E+01
    2  -0.4764073E+01   0.2076157E+01   0.8243518E+00
    3  -0.4235422E+01   0.1404818E+00  -0.1043751E+01
    4  -0.1484164E+01   0.1622279E+00  -0.2028826E+01
    5   0.5556358E+00  -0.7013847E-01   0.1088840E-01
    6   0.3220600E+01   0.2285165E-01  -0.1111655E+01
    7   0.5258039E+01  -0.2074024E+00   0.9215499E+00
    8   0.7800602E+01  -0.4611369E+00  -0.8550372E-01
    9   0.8724264E+01   0.1818959E+01  -0.1280190E+01
   10   0.9551421E+01  -0.1342101E+01   0.1821666E+01
   11  -0.4727497E+01  -0.2493970E+01   0.3431798E-02
   12  -0.4645197E+01  -0.3142412E+01   0.2147676E+01
   13  -0.4108975E+01   0.4596654E+01  -0.3054207E-01
   14  -0.7375290E+01   0.2028301E+01   0.1671825E+01
   15  -0.5467100E+01   0.3412212E+00  -0.2690379E+01
   16  -0.1303739E+01  -0.1383288E+01  -0.3365597E+01
   17  -0.1193178E+01   0.1872028E+01  -0.3119613E+01
   18   0.3254323E+00   0.1424792E+01   0.1394628E+01
   19   0.3071910E+00  -0.1828395E+01   0.1039270E+01
   20   0.3476766E+01  -0.1504830E+01  -0.2460194E+01
   21   0.3443974E+01   0.1776560E+01  -0.2156528E+01
   22   0.5121746E+01   0.1394343E+01   0.2227956E+01
   23   0.4866943E+01  -0.1890658E+01   0.2025089E+01
   24   0.8823239E+01   0.3423561E+01   0.2268207E-01
   25   0.1060529E+02   0.1488871E+01  -0.2020901E+01
   26   0.7530698E+01   0.2348504E+01  -0.2853336E+01
   27   0.8913066E+01  -0.3133142E+01   0.2582902E+01
   28   0.1139740E+02  -0.1637568E+01   0.9833951E+00
   29   0.9770710E+01  -0.1784647E-01   0.3395588E+01
   30  -0.5084227E+01   0.5138140E+01  -0.1771883E+01
   31  -0.4626260E+01   0.5940787E+01   0.1422578E+01
   32  -0.2098710E+01   0.4778937E+01  -0.3378983E+00
   33  -0.7829396E+01   0.2228828E+00   0.2504219E+01
   34  -0.7639156E+01   0.3454884E+01   0.3115141E+01
   35  -0.8711826E+01   0.2413634E+01   0.1409920E+00
   36  -0.5389412E+01  -0.5757014E+01  -0.1137176E+01
 Initial ssvpot =     1.323


 Number of unique UNfrozen centers=   36

 Non-linear optimization requested.
 qchnge =    0.4410329153E-01
 qchnge =    0.1758117965E-02
 qchnge =    0.1902363727E-03
 qchnge =    0.2440812614E-04
 qchnge =    0.3262656796E-05
 qchnge =    0.4470098703E-06

 Convergence in    5 iterations


Resp charges for organic molecule                                               

          Point Charges Before & After Optimization

    no.  At.no.    q(init)       q(opt)     ivary    d(rstr)/dq
    1   8       0.000000      -0.706246      0       0.000701
    2   7       0.000000      -0.283203      0       0.001665
    3   6       0.000000      -0.004216      0       0.004996
    4   6       0.000000      -0.166577      0       0.002573
    5   6       0.000000      -0.040119      0       0.004640
    6   6       0.000000       0.099280      0       0.003548
    7   6       0.000000      -0.021437      0       0.004889
    8   7       0.000000      -0.324956      0       0.001471
    9   6       0.000000      -0.190633      0       0.002323
   10   6       0.000000      -0.273214      0       0.001719
   11   6       0.000000       0.840267      0       0.000591
   12   8       0.000000      -0.606626      0       0.000813
   13   6       0.000000      -0.170641      0       0.002528
   14   6       0.000000      -0.347328      0       0.001383
   15   1       0.000000       0.101479      0       0.000000
   16   1       0.000000       0.073877      0       0.000000
   17   1       0.000000       0.051068      0       0.000000
   18   1       0.000000      -0.010616      0       0.000000
   19   1       0.000000       0.046080      0       0.000000
   20   1       0.000000      -0.014741      0       0.000000
   21   1       0.000000       0.036016      0       0.000000
   22   1       0.000000       0.056701      0       0.000000
   23   1       0.000000       0.077106      0       0.000000
   24   1       0.000000       0.084934      0       0.000000
   25   1       0.000000       0.116393      0       0.000000
   26   1       0.000000       0.070352      0       0.000000
   27   1       0.000000       0.117240      0       0.000000
   28   1       0.000000       0.129775      0       0.000000
   29   1       0.000000       0.093439      0       0.000000
   30   1       0.000000       0.071884      0       0.000000
   31   1       0.000000       0.105078      0       0.000000
   32   1       0.000000       0.114169      0       0.000000
   33   1       0.000000       0.147379      0       0.000000
   34   1       0.000000       0.156436      0       0.000000
   35   1       0.000000       0.101787      0       0.000000
   36   1       0.000000       0.469814      0       0.000000

 Sum over the calculated charges:      0.000

        Statistics of the fitting:
  The initial sum of squares (ssvpot)                      1.323
  The residual sum of squares (chipot)                     0.028
  The std err of estimate (sqrt(chipot/N))               0.00182
  ESP relative RMS (SQRT(chipot/ssvpot))                 0.14537

 Center of Mass (Angst.):

 X  =   0.00000      Y  =   0.00000      Z  =   0.00000

 Dipole (Debye):

 X  =  -0.25018      Y  =   1.13174      Z  =  -1.47578

 Dipole Moment (Debye)=   1.87653

 Quadrupole (Debye*Angst.):

 Qxx =   8.83637     QYY =  13.78538     QZZ = -22.62175
 Qxy = -24.10316     QXZ = -11.25239     QYZ = -24.34925
