
 -----------------------------------------------
      Restrained ESP Fit 2.3  Amber 4.1
 -----------------------------------------------
 Resp charges for organic molecule                                               
 -----------------------------------------------


 inopt       =     0   ioutopt     =     1
 nmol        =     1   iqopt       =     2
 ihfree      =     1   irstrnt     =     1
 iunits      =     0   qwt         =   0.00100000
 wtmol(1) =     1.000000
 subtitle:

Resp charges for organic molecule                                               
ich =   0  iuniq =  36
    1    8  -99
    2    7  -99
    3    6  -99
    4    6    0
    5    6    0
    6    6    0
    7    6    0
    8    7  -99
    9    6    0
   10    6    9
   11    6  -99
   12    8  -99
   13    6    0
   14    6   13
   15    1  -99
   16    1    0
   17    1   16
   18    1    0
   19    1   18
   20    1    0
   21    1   20
   22    1    0
   23    1   22
   24    1    0
   25    1   24
   26    1   24
   27    1   24
   28    1   24
   29    1   24
   30    1    0
   31    1   30
   32    1   30
   33    1   30
   34    1   30
   35    1   30
   36    1  -99
 new q0 values to be read  36

  ----------------------------------------------------------------------------
     ATOM                       COORDINATES                         CHARGE
                       X             Y                Z
  ----------------------------------------------------------------------------
  ----------------------------------------------------------------------------


 Charge on the molecule(ich) =    0
 Total number of atoms (iuniq)     =   36
 Weight factor on initial charge restraints(qwt)=     0.10000D-02


  there are  1 charge constraints:


     1       1
     2       1
     3       1
     4       1
     5       1
     6       1
     7       1
     8       1
     9       1
    10       1
    11       1
    12       1
    13       1
    14       1
    15       1
    16       1
    17       1
    18       1
    19       1
    20       1
    21       1
    22       1
    23       1
    24       1
    25       1
    26       1
    27       1
    28       1
    29       1
    30       1
    31       1
    32       1
    33       1
    34       1
    35       1
    36       1

 Reading esp"s for molecule   1
 total number of atoms      =    36
 total number of esp points =  8404


 center     X       Y       Z 
    1  -0.5200656E+01  -0.4120928E+01  -0.1862583E+01
    2  -0.4764073E+01   0.2076157E+01   0.8243518E+00
    3  -0.4235422E+01   0.1404818E+00  -0.1043751E+01
    4  -0.1484164E+01   0.1622279E+00  -0.2028826E+01
    5   0.5556358E+00  -0.7013847E-01   0.1088840E-01
    6   0.3220600E+01   0.2285165E-01  -0.1111655E+01
    7   0.5258039E+01  -0.2074024E+00   0.9215499E+00
    8   0.7800602E+01  -0.4611369E+00  -0.8550372E-01
    9   0.8724264E+01   0.1818959E+01  -0.1280190E+01
   10   0.9551421E+01  -0.1342101E+01   0.1821666E+01
   11  -0.4727497E+01  -0.2493970E+01   0.3431798E-02
   12  -0.4645197E+01  -0.3142412E+01   0.2147676E+01
   13  -0.4108975E+01   0.4596654E+01  -0.3054207E-01
   14  -0.7375290E+01   0.2028301E+01   0.1671825E+01
   15  -0.5467100E+01   0.3412212E+00  -0.2690379E+01
   16  -0.1303739E+01  -0.1383288E+01  -0.3365597E+01
   17  -0.1193178E+01   0.1872028E+01  -0.3119613E+01
   18   0.3254323E+00   0.1424792E+01   0.1394628E+01
   19   0.3071910E+00  -0.1828395E+01   0.1039270E+01
   20   0.3476766E+01  -0.1504830E+01  -0.2460194E+01
   21   0.3443974E+01   0.1776560E+01  -0.2156528E+01
   22   0.5121746E+01   0.1394343E+01   0.2227956E+01
   23   0.4866943E+01  -0.1890658E+01   0.2025089E+01
   24   0.8823239E+01   0.3423561E+01   0.2268207E-01
   25   0.1060529E+02   0.1488871E+01  -0.2020901E+01
   26   0.7530698E+01   0.2348504E+01  -0.2853336E+01
   27   0.8913066E+01  -0.3133142E+01   0.2582902E+01
   28   0.1139740E+02  -0.1637568E+01   0.9833951E+00
   29   0.9770710E+01  -0.1784647E-01   0.3395588E+01
   30  -0.5084227E+01   0.5138140E+01  -0.1771883E+01
   31  -0.4626260E+01   0.5940787E+01   0.1422578E+01
   32  -0.2098710E+01   0.4778937E+01  -0.3378983E+00
   33  -0.7829396E+01   0.2228828E+00   0.2504219E+01
   34  -0.7639156E+01   0.3454884E+01   0.3115141E+01
   35  -0.8711826E+01   0.2413634E+01   0.1409920E+00
   36  -0.5389412E+01  -0.5757014E+01  -0.1137176E+01
 Initial ssvpot =     1.323


 Number of unique UNfrozen centers=   12

 Non-linear optimization requested.
 qchnge =    0.4341676763E-01
 qchnge =    0.6987618090E-03
 qchnge =    0.4081099093E-04
 qchnge =    0.2872808512E-05
 qchnge =    0.2230616097E-06

 Convergence in    4 iterations


Resp charges for organic molecule                                               

          Point Charges Before & After Optimization

    no.  At.no.    q(init)       q(opt)     ivary    d(rstr)/dq
    1   8      -0.706246      -0.706246    -99       0.001402
    2   7      -0.283203      -0.283203    -99       0.003330
    3   6      -0.004216      -0.004216    -99       0.009991
    4   6      -0.166577      -0.279415      0       0.003370
    5   6      -0.040119       0.098714      0       0.007117
    6   6       0.099280       0.075355      0       0.007986
    7   6      -0.021437      -0.082536      0       0.007712
    8   7      -0.324956      -0.324956    -99       0.002941
    9   6      -0.190633      -0.141252      0       0.005778
   10   6      -0.273214      -0.141252      9       0.005778
   11   6       0.840267       0.840267    -99       0.001182
   12   8      -0.606626      -0.606626    -99       0.001627
   13   6      -0.170641      -0.270839      0       0.003464
   14   6      -0.347328      -0.270839     13       0.003464
   15   1       0.101479       0.101479    -99       0.000000
   16   1       0.073877       0.088302      0       0.000000
   17   1       0.051068       0.088302     16       0.000000
   18   1      -0.010616       0.013485      0       0.000000
   19   1       0.046080       0.013485     18       0.000000
   20   1      -0.014741       0.004001      0       0.000000
   21   1       0.036016       0.004001     20       0.000000
   22   1       0.056701       0.062695      0       0.000000
   23   1       0.077106       0.062695     22       0.000000
   24   1       0.084934       0.080478      0       0.000000
   25   1       0.116393       0.080478     24       0.000000
   26   1       0.070352       0.080478     24       0.000000
   27   1       0.117240       0.080478     24       0.000000
   28   1       0.129775       0.080478     24       0.000000
   29   1       0.093439       0.080478     24       0.000000
   30   1       0.071884       0.117652      0       0.000000
   31   1       0.105078       0.117652     30       0.000000
   32   1       0.114169       0.117652     30       0.000000
   33   1       0.147379       0.117652     30       0.000000
   34   1       0.156436       0.117652     30       0.000000
   35   1       0.101787       0.117652     30       0.000000
   36   1       0.469814       0.469814    -99       0.000000

 Sum over the calculated charges:      0.000

        Statistics of the fitting:
  The initial sum of squares (ssvpot)                      1.323
  The residual sum of squares (chipot)                     0.052
  The std err of estimate (sqrt(chipot/N))               0.00248
  ESP relative RMS (SQRT(chipot/ssvpot))                 0.19755

 Center of Mass (Angst.):

 X  =   0.00000      Y  =   0.00000      Z  =   0.00000

 Dipole (Debye):

 X  =  -0.33224      Y  =   1.28667      Z  =  -1.60360

 Dipole Moment (Debye)=   2.08265

 Quadrupole (Debye*Angst.):

 Qxx =  10.19184     QYY =  12.34940     QZZ = -22.54125
 Qxy = -21.54898     QXZ =  -6.22185     QYZ = -24.17327
