host: comet-22-71

==================================================================================================
mpiexec options:
----------------
  Base path: /opt/mvapich2/gnu/ib/bin/
  Launcher: (null)
  Debug level: 1
  Enable X: -1

  Global environment:
  -------------------
    SLURM_CHECKPOINT_IMAGE_DIR=/oasis/scratch/comet/pieong/temp_project/MD_Test_Oct/r175h_stictic/min4_log
    MKLROOT=/opt/intel/composer_xe_2013_sp1.2.144/mkl
    SLURM_JOB_NAME=min4
    MANPATH=/opt/intel/composer_xe_2013_sp1.2.144/man/en_US:/opt/intel/composer_xe_2013_sp1.2.144/man/en_US:/opt/intel/composer_xe_2013_sp1.2.144/debugger/gdb/intel64/share/man/:/opt/intel/composer_xe_2013_sp1.2.144/debugger/gdb/intel64_mic/share/man/:/var/cfengine/share/man
    PDSHROOT=/opt/pdsh
    SLURMD_NODENAME=comet-22-71
    SLURM_TOPOLOGY_ADDR=R24.R22.comet-22-71
    HOSTNAME=comet-22-71
    SLURM_NTASKS_PER_NODE=8
    SLURM_PRIO_PROCESS=0
    SLURM_NODE_ALIASES=(null)
    INTEL_LICENSE_FILE=/opt/intel/composer_xe_2013_sp1.2.144/licenses:/opt/intel/licenses:/root/intel/licenses
    IPPROOT=/opt/intel/composer_xe_2013_sp1.2.144/ipp
    SHELL=/bin/bash
    TMPDIR=/tmp
    SLURM_TOPOLOGY_ADDR_PATTERN=switch.switch.node
    SSH_CLIENT=132.239.174.189 57428 22
    GDBSERVER_MIC=/opt/intel/composer_xe_2013_sp1.2.144/debugger/gdb/target/mic/bin/gdbserver
    LIBRARY_PATH=/opt/intel/composer_xe_2013_sp1.2.144/compiler/lib/intel64:/opt/intel/composer_xe_2013_sp1.2.144/ipp/../compiler/lib/intel64:/opt/intel/composer_xe_2013_sp1.2.144/ipp/lib/intel64:/opt/intel/composer_xe_2013_sp1.2.144/compiler/lib/intel64:/opt/intel/composer_xe_2013_sp1.2.144/mkl/lib/intel64:/opt/intel/composer_xe_2013_sp1.2.144/tbb/lib/intel64/gcc4.4
    FPATH=/opt/intel/composer_xe_2013_sp1.2.144/mkl/include
    QTDIR=/usr/lib64/qt-3.3
    QTINC=/usr/lib64/qt-3.3/include
    ROCKSROOT=/opt/rocks/share/devel
    MIC_LD_LIBRARY_PATH=/opt/intel/composer_xe_2013_sp1.2.144/compiler/lib/mic:/opt/intel/composer_xe_2013_sp1.2.144/mpirt/lib/mic:/opt/intel/composer_xe_2013_sp1.2.144/compiler/lib/mic:/opt/intel/composer_xe_2013_sp1.2.144/mkl/lib/mic:/opt/intel/composer_xe_2013_sp1.2.144/tbb/lib/mic
    ANT_HOME=/opt/rocks
    USER=pieong
    LD_LIBRARY_PATH=/opt/fftw/3.3.4/gnu/mvapich2_ib/lib:/opt/mvapich2/gnu/ib/lib:/opt/gnu/gcc/lib64:/opt/gnu/gmp/lib:/opt/gnu/mpfr/lib:/opt/gnu/mpc/lib:/opt/gnu/lib:/opt/gnu/lib64:/opt/mvapich2/intel/ib/lib:/opt/intel/composer_xe_2013_sp1.2.144/compiler/lib/intel64:/opt/intel/composer_xe_2013_sp1.2.144/mpirt/lib/intel64:/opt/intel/composer_xe_2013_sp1.2.144/ipp/../compiler/lib/intel64:/opt/intel/composer_xe_2013_sp1.2.144/ipp/lib/intel64:/opt/intel/composer_xe_2013_sp1.2.144/compiler/lib/intel64:/opt/intel/composer_xe_2013_sp1.2.144/mkl/lib/intel64:/opt/intel/composer_xe_2013_sp1.2.144/tbb/lib/intel64/gcc4.4:/opt/sdsc/lib
    ROCKS_ROOT=/opt/rocks
    MIC_LIBRARY_PATH=/opt/intel/composer_xe_2013_sp1.2.144/compiler/lib/mic:/opt/intel/composer_xe_2013_sp1.2.144/mpirt/lib/mic:/opt/intel/composer_xe_2013_sp1.2.144/tbb/lib/mic
    CPATH=/opt/intel/composer_xe_2013_sp1.2.144/ipp/include:/opt/intel/composer_xe_2013_sp1.2.144/mkl/include:/opt/intel/composer_xe_2013_sp1.2.144/tbb/include
    SLURM_NTASKS=8
    LIBPATH=/opt/fftw/3.3.4/gnu/mvapich2_ib/lib
    NLSPATH=/opt/intel/composer_xe_2013_sp1.2.144/compiler/lib/intel64/locale/%l_%t/%N:/opt/intel/composer_xe_2013_sp1.2.144/ipp/lib/intel64/locale/%l_%t/%N:/opt/intel/composer_xe_2013_sp1.2.144/mkl/lib/intel64/locale/%l_%t/%N:/opt/intel/composer_xe_2013_sp1.2.144/debugger/gdb/intel64_mic/share/locale/%l_%t/%N:/opt/intel/composer_xe_2013_sp1.2.144/debugger/gdb/intel64/share/locale/%l_%t/%N
    GNUTOOLSHOME=/opt/gnu
    PATH=/opt/fftw/3.3.4/gnu/mvapich2_ib/bin:/opt/mvapich2/gnu/ib/bin:/opt/amber/bin:/opt/gnu/gcc/bin:/opt/gnu/bin:/opt/mvapich2/intel/ib/bin:/opt/intel/composer_xe_2013_sp1.2.144/bin/intel64:/opt/intel/composer_xe_2013_sp1.2.144/mpirt/bin/intel64:/opt/intel/composer_xe_2013_sp1.2.144/debugger/gdb/intel64_mic/bin:/usr/lib64/qt-3.3/bin:/usr/local/bin:/bin:/usr/bin:/var/cfengine/bin:/opt/ibutils/bin:/usr/java/latest/bin:/opt/pdsh/bin:/opt/rocks/bin:/opt/rocks/sbin:/opt/sdsc/bin:/opt/sdsc/sbin:/home/pieong/autodock_vina_1_1_2_linux_x86/bin
    MAIL=/var/mail/pieong
    MV2_ALLTOALL_TUNING=2
    SLURM_JOB_ID=1566258
    SDSCDEVEL=/opt/sdsc/devel
    TBBROOT=/opt/intel/composer_xe_2013_sp1.2.144/tbb
    SLURM_JOB_USER=pieong
    PWD=/oasis/scratch/comet/pieong/temp_project/MD_Test_Oct/r175h_stictic/min4_log
    CUDA_VISIBLE_DEVICES=NoDevFiles
    JAVA_HOME=/usr/java/latest
    _LMFILES_=/opt/modulefiles/compilers/intel/2013_sp1.2.144:/opt/modulefiles/mpi/.intel/mvapich2_ib/2.1:/opt/modulefiles/applications/gnutools/2.69:/opt/modulefiles/compilers/gnu/4.9.2:/opt/modulefiles/mpi/.gnu/mvapich2_ib/2.1:/opt/modulefiles/applications/.gnu/fftw/3.3.4:/opt/modulefiles/applications/amber/15
    LANG=en_US.iso885915
    GDB_CROSS=/opt/intel/composer_xe_2013_sp1.2.144/debugger/gdb/intel64_mic/bin/gdb-mic
    MODULEPATH=/opt/modulefiles/applications/.gnu:/opt/modulefiles/mpi/.gnu:/opt/modulefiles/applications/.intel:/opt/modulefiles/mpi/.intel:/opt/modulefiles/mpi:/opt/modulefiles/compilers:/opt/modulefiles/applications:/usr/share/Modules/modulefiles:/etc/modulefiles
    SLURM_JOB_UID=505614
    LOADEDMODULES=intel/2013_sp1.2.144:mvapich2_ib/2.1:gnutools/2.69:gnu/4.9.2:fftw/3.3.4:amber/15
    SLURM_SUBMIT_DIR=/oasis/scratch/comet/pieong/temp_project/MD_Test_Oct/r175h_stictic/min4_log
    SLURM_TASK_PID=15236
    LM_LICENSE_FILE=/opt/flexlm/license/license.dat
    ENVIRONMENT=BATCH
    MPM_LAUNCHER=/opt/intel/composer_xe_2013_sp1.2.144/debugger/mpm/bin/start_mpm.sh
    SLURM_JOB_NODELIST=comet-22-71
    INTEL_PYTHONHOME=/opt/intel/composer_xe_2013_sp1.2.144/debugger/python/intel64/
    HOME=/home/pieong
    SHLVL=2
    SLURM_JOB_CPUS_PER_NODE=24
    SLURM_CLUSTER_NAME=comet
    ROLLSROOT=/opt/rocks/share/devel/src/roll
    GCCHOME=/opt/gnu
    SLURM_GTIDS=0
    SLURM_SUBMIT_HOST=comet-ln3.sdsc.edu
    MPIHOME=/opt/mvapich2/gnu/ib
    SLURM_JOB_PARTITION=compute
    SDSCHOME=/opt/sdsc
    FFTWHOME=/opt/fftw/3.3.4/gnu/mvapich2_ib
    LOGNAME=pieong
    PYTHONPATH=/opt/sdsc/lib
    CVS_RSH=ssh
    QTLIB=/usr/lib64/qt-3.3/lib
    GPU_DEVICE_ORDINAL=NoDevFiles
    SSH_CONNECTION=132.239.174.189 57428 198.202.113.252 22
    SLURM_JOB_NUM_NODES=1
    MODULESHOME=/usr/share/Modules
    MPI_HOME=
    AD_VINA=/home/pieong/autodock_vina_1_1_2_linux_x86
    LESSOPEN=||/usr/bin/lesspipe.sh %s
    MKL_ROOT=/opt/intel/composer_xe_2013_sp1.2.144/mkl
    INFOPATH=/opt/intel/composer_xe_2013_sp1.2.144/debugger/gdb/intel64/share/info/:/opt/intel/composer_xe_2013_sp1.2.144/debugger/gdb/intel64_mic/share/info/
    INCLUDE=/opt/intel/composer_xe_2013_sp1.2.144/mkl/include
    AMBERHOME=/opt/amber
    INTELHOME=/opt/intel/composer_xe_2013_sp1.2.144
    SLURM_MEM_PER_NODE=122880
    G_BROKEN_FILENAMES=1
    BASH_FUNC_module()=() {  eval `/usr/bin/modulecmd bash $*`
}
    _=/opt/mvapich2/gnu/ib/bin/mpirun

  Hydra internal environment:
  ---------------------------
    GFORTRAN_UNBUFFERED_PRECONNECTED=y


    Proxy information:
    *********************
      [1] proxy: comet-22-71 (8 cores)
      Exec list: /opt/amber/bin//pmemd.MPI (8 processes); 


==================================================================================================

[mpiexec@comet-22-71.sdsc.edu] Timeout set to -1 (-1 means infinite)
[mpiexec@comet-22-71.sdsc.edu] Got a control port string of comet-22-71:40435

Proxy launch args: /opt/mvapich2/gnu/ib/bin/hydra_pmi_proxy --control-port comet-22-71:40435 --debug --rmk slurm --launcher slurm --demux poll --pgid 0 --retries 10 --usize -2 --proxy-id 

Arguments being passed to proxy 0:
--version 3.1.4 --iface-ip-env-name MPIR_CVAR_CH3_INTERFACE_HOSTNAME --hostname comet-22-71 --global-core-map 0,8,8 --pmi-id-map 0,0 --global-process-count 8 --auto-cleanup 1 --pmi-kvsname kvs_15239_0 --pmi-process-mapping (vector,(0,1,8)) --ckpoint-num -1 --global-inherited-env 89 'SLURM_CHECKPOINT_IMAGE_DIR=/oasis/scratch/comet/pieong/temp_project/MD_Test_Oct/r175h_stictic/min4_log' 'MKLROOT=/opt/intel/composer_xe_2013_sp1.2.144/mkl' 'SLURM_JOB_NAME=min4' 'MANPATH=/opt/intel/composer_xe_2013_sp1.2.144/man/en_US:/opt/intel/composer_xe_2013_sp1.2.144/man/en_US:/opt/intel/composer_xe_2013_sp1.2.144/debugger/gdb/intel64/share/man/:/opt/intel/composer_xe_2013_sp1.2.144/debugger/gdb/intel64_mic/share/man/:/var/cfengine/share/man' 'PDSHROOT=/opt/pdsh' 'SLURMD_NODENAME=comet-22-71' 'SLURM_TOPOLOGY_ADDR=R24.R22.comet-22-71' 'HOSTNAME=comet-22-71' 'SLURM_NTASKS_PER_NODE=8' 'SLURM_PRIO_PROCESS=0' 'SLURM_NODE_ALIASES=(null)' 'INTEL_LICENSE_FILE=/opt/intel/composer_xe_2013_sp1.2.144/licenses:/opt/intel/licenses:/root/intel/licenses' 'IPPROOT=/opt/intel/composer_xe_2013_sp1.2.144/ipp' 'SHELL=/bin/bash' 'TMPDIR=/tmp' 'SLURM_TOPOLOGY_ADDR_PATTERN=switch.switch.node' 'SSH_CLIENT=132.239.174.189 57428 22' 'GDBSERVER_MIC=/opt/intel/composer_xe_2013_sp1.2.144/debugger/gdb/target/mic/bin/gdbserver' 'LIBRARY_PATH=/opt/intel/composer_xe_2013_sp1.2.144/compiler/lib/intel64:/opt/intel/composer_xe_2013_sp1.2.144/ipp/../compiler/lib/intel64:/opt/intel/composer_xe_2013_sp1.2.144/ipp/lib/intel64:/opt/intel/composer_xe_2013_sp1.2.144/compiler/lib/intel64:/opt/intel/composer_xe_2013_sp1.2.144/mkl/lib/intel64:/opt/intel/composer_xe_2013_sp1.2.144/tbb/lib/intel64/gcc4.4' 'FPATH=/opt/intel/composer_xe_2013_sp1.2.144/mkl/include' 'QTDIR=/usr/lib64/qt-3.3' 'QTINC=/usr/lib64/qt-3.3/include' 'ROCKSROOT=/opt/rocks/share/devel' 'MIC_LD_LIBRARY_PATH=/opt/intel/composer_xe_2013_sp1.2.144/compiler/lib/mic:/opt/intel/composer_xe_2013_sp1.2.144/mpirt/lib/mic:/opt/intel/composer_xe_2013_sp1.2.144/compiler/lib/mic:/opt/intel/composer_xe_2013_sp1.2.144/mkl/lib/mic:/opt/intel/composer_xe_2013_sp1.2.144/tbb/lib/mic' 'ANT_HOME=/opt/rocks' 'USER=pieong' 'LD_LIBRARY_PATH=/opt/fftw/3.3.4/gnu/mvapich2_ib/lib:/opt/mvapich2/gnu/ib/lib:/opt/gnu/gcc/lib64:/opt/gnu/gmp/lib:/opt/gnu/mpfr/lib:/opt/gnu/mpc/lib:/opt/gnu/lib:/opt/gnu/lib64:/opt/mvapich2/intel/ib/lib:/opt/intel/composer_xe_2013_sp1.2.144/compiler/lib/intel64:/opt/intel/composer_xe_2013_sp1.2.144/mpirt/lib/intel64:/opt/intel/composer_xe_2013_sp1.2.144/ipp/../compiler/lib/intel64:/opt/intel/composer_xe_2013_sp1.2.144/ipp/lib/intel64:/opt/intel/composer_xe_2013_sp1.2.144/compiler/lib/intel64:/opt/intel/composer_xe_2013_sp1.2.144/mkl/lib/intel64:/opt/intel/composer_xe_2013_sp1.2.144/tbb/lib/intel64/gcc4.4:/opt/sdsc/lib' 'ROCKS_ROOT=/opt/rocks' 'MIC_LIBRARY_PATH=/opt/intel/composer_xe_2013_sp1.2.144/compiler/lib/mic:/opt/intel/composer_xe_2013_sp1.2.144/mpirt/lib/mic:/opt/intel/composer_xe_2013_sp1.2.144/tbb/lib/mic' 'CPATH=/opt/intel/composer_xe_2013_sp1.2.144/ipp/include:/opt/intel/composer_xe_2013_sp1.2.144/mkl/include:/opt/intel/composer_xe_2013_sp1.2.144/tbb/include' 'SLURM_NTASKS=8' 'LIBPATH=/opt/fftw/3.3.4/gnu/mvapich2_ib/lib' 'NLSPATH=/opt/intel/composer_xe_2013_sp1.2.144/compiler/lib/intel64/locale/%l_%t/%N:/opt/intel/composer_xe_2013_sp1.2.144/ipp/lib/intel64/locale/%l_%t/%N:/opt/intel/composer_xe_2013_sp1.2.144/mkl/lib/intel64/locale/%l_%t/%N:/opt/intel/composer_xe_2013_sp1.2.144/debugger/gdb/intel64_mic/share/locale/%l_%t/%N:/opt/intel/composer_xe_2013_sp1.2.144/debugger/gdb/intel64/share/locale/%l_%t/%N' 'GNUTOOLSHOME=/opt/gnu' 'PATH=/opt/fftw/3.3.4/gnu/mvapich2_ib/bin:/opt/mvapich2/gnu/ib/bin:/opt/amber/bin:/opt/gnu/gcc/bin:/opt/gnu/bin:/opt/mvapich2/intel/ib/bin:/opt/intel/composer_xe_2013_sp1.2.144/bin/intel64:/opt/intel/composer_xe_2013_sp1.2.144/mpirt/bin/intel64:/opt/intel/composer_xe_2013_sp1.2.144/debugger/gdb/intel64_mic/bin:/usr/lib64/qt-3.3/bin:/usr/local/bin:/bin:/usr/bin:/var/cfengine/bin:/opt/ibutils/bin:/usr/java/latest/bin:/opt/pdsh/bin:/opt/rocks/bin:/opt/rocks/sbin:/opt/sdsc/bin:/opt/sdsc/sbin:/home/pieong/autodock_vina_1_1_2_linux_x86/bin' 'MAIL=/var/mail/pieong' 'MV2_ALLTOALL_TUNING=2' 'SLURM_JOB_ID=1566258' 'SDSCDEVEL=/opt/sdsc/devel' 'TBBROOT=/opt/intel/composer_xe_2013_sp1.2.144/tbb' 'SLURM_JOB_USER=pieong' 'PWD=/oasis/scratch/comet/pieong/temp_project/MD_Test_Oct/r175h_stictic/min4_log' 'CUDA_VISIBLE_DEVICES=NoDevFiles' 'JAVA_HOME=/usr/java/latest' '_LMFILES_=/opt/modulefiles/compilers/intel/2013_sp1.2.144:/opt/modulefiles/mpi/.intel/mvapich2_ib/2.1:/opt/modulefiles/applications/gnutools/2.69:/opt/modulefiles/compilers/gnu/4.9.2:/opt/modulefiles/mpi/.gnu/mvapich2_ib/2.1:/opt/modulefiles/applications/.gnu/fftw/3.3.4:/opt/modulefiles/applications/amber/15' 'LANG=en_US.iso885915' 'GDB_CROSS=/opt/intel/composer_xe_2013_sp1.2.144/debugger/gdb/intel64_mic/bin/gdb-mic' 'MODULEPATH=/opt/modulefiles/applications/.gnu:/opt/modulefiles/mpi/.gnu:/opt/modulefiles/applications/.intel:/opt/modulefiles/mpi/.intel:/opt/modulefiles/mpi:/opt/modulefiles/compilers:/opt/modulefiles/applications:/usr/share/Modules/modulefiles:/etc/modulefiles' 'SLURM_JOB_UID=505614' 'LOADEDMODULES=intel/2013_sp1.2.144:mvapich2_ib/2.1:gnutools/2.69:gnu/4.9.2:fftw/3.3.4:amber/15' 'SLURM_SUBMIT_DIR=/oasis/scratch/comet/pieong/temp_project/MD_Test_Oct/r175h_stictic/min4_log' 'SLURM_TASK_PID=15236' 'LM_LICENSE_FILE=/opt/flexlm/license/license.dat' 'ENVIRONMENT=BATCH' 'MPM_LAUNCHER=/opt/intel/composer_xe_2013_sp1.2.144/debugger/mpm/bin/start_mpm.sh' 'SLURM_JOB_NODELIST=comet-22-71' 'INTEL_PYTHONHOME=/opt/intel/composer_xe_2013_sp1.2.144/debugger/python/intel64/' 'HOME=/home/pieong' 'SHLVL=2' 'SLURM_JOB_CPUS_PER_NODE=24' 'SLURM_CLUSTER_NAME=comet' 'ROLLSROOT=/opt/rocks/share/devel/src/roll' 'GCCHOME=/opt/gnu' 'SLURM_GTIDS=0' 'SLURM_SUBMIT_HOST=comet-ln3.sdsc.edu' 'MPIHOME=/opt/mvapich2/gnu/ib' 'SLURM_JOB_PARTITION=compute' 'SDSCHOME=/opt/sdsc' 'FFTWHOME=/opt/fftw/3.3.4/gnu/mvapich2_ib' 'LOGNAME=pieong' 'PYTHONPATH=/opt/sdsc/lib' 'CVS_RSH=ssh' 'QTLIB=/usr/lib64/qt-3.3/lib' 'GPU_DEVICE_ORDINAL=NoDevFiles' 'SSH_CONNECTION=132.239.174.189 57428 198.202.113.252 22' 'SLURM_JOB_NUM_NODES=1' 'MODULESHOME=/usr/share/Modules' 'MPI_HOME=' 'AD_VINA=/home/pieong/autodock_vina_1_1_2_linux_x86' 'LESSOPEN=||/usr/bin/lesspipe.sh %s' 'MKL_ROOT=/opt/intel/composer_xe_2013_sp1.2.144/mkl' 'INFOPATH=/opt/intel/composer_xe_2013_sp1.2.144/debugger/gdb/intel64/share/info/:/opt/intel/composer_xe_2013_sp1.2.144/debugger/gdb/intel64_mic/share/info/' 'INCLUDE=/opt/intel/composer_xe_2013_sp1.2.144/mkl/include' 'AMBERHOME=/opt/amber' 'INTELHOME=/opt/intel/composer_xe_2013_sp1.2.144' 'SLURM_MEM_PER_NODE=122880' 'G_BROKEN_FILENAMES=1' 'BASH_FUNC_module()=() {  eval `/usr/bin/modulecmd bash $*`
}' '_=/opt/mvapich2/gnu/ib/bin/mpirun' --global-user-env 0 --global-system-env 1 'GFORTRAN_UNBUFFERED_PRECONNECTED=y' --proxy-core-count 8 --exec --exec-appnum 0 --exec-proc-count 8 --exec-local-env 0 --exec-wdir /oasis/scratch/comet/pieong/temp_project/MD_Test_Oct/r175h_stictic/min4_log --exec-args 14 /opt/amber/bin//pmemd.MPI -O -i /oasis/scratch/comet/pieong/temp_project/MD_Test_Oct/confDir/min4_switch.conf.usr -o /oasis/scratch/comet/pieong/temp_project/MD_Test_Oct/r175h_stictic/min4.out -p /oasis/scratch/comet/pieong/temp_project/MD_Test_Oct/r175h_stictic/r175h_stictic.top -c /oasis/scratch/comet/pieong/temp_project/MD_Test_Oct/r175h_stictic/min3.rst -r /oasis/scratch/comet/pieong/temp_project/MD_Test_Oct/r175h_stictic/min4.rst -ref /oasis/scratch/comet/pieong/temp_project/MD_Test_Oct/r175h_stictic/r175h_stictic.crd 

[mpiexec@comet-22-71.sdsc.edu] Launch arguments: /usr/bin/srun -N 1 -n 1 /opt/mvapich2/gnu/ib/bin/hydra_pmi_proxy --control-port comet-22-71:40435 --debug --rmk slurm --launcher slurm --demux poll --pgid 0 --retries 10 --usize -2 --proxy-id -1 
[proxy:0:0@comet-22-71.sdsc.edu] got pmi command (from 4): init
pmi_version=1 pmi_subversion=1 
[proxy:0:0@comet-22-71.sdsc.edu] PMI response: cmd=response_to_init pmi_version=1 pmi_subversion=1 rc=0
[proxy:0:0@comet-22-71.sdsc.edu] got pmi command (from 5): init
pmi_version=1 pmi_subversion=1 
[proxy:0:0@comet-22-71.sdsc.edu] PMI response: cmd=response_to_init pmi_version=1 pmi_subversion=1 rc=0
[proxy:0:0@comet-22-71.sdsc.edu] got pmi command (from 6): init
pmi_version=1 pmi_subversion=1 
[proxy:0:0@comet-22-71.sdsc.edu] PMI response: cmd=response_to_init pmi_version=1 pmi_subversion=1 rc=0
[proxy:0:0@comet-22-71.sdsc.edu] got pmi command (from 9): init
pmi_version=1 pmi_subversion=1 
[proxy:0:0@comet-22-71.sdsc.edu] PMI response: cmd=response_to_init pmi_version=1 pmi_subversion=1 rc=0
[proxy:0:0@comet-22-71.sdsc.edu] got pmi command (from 13): init
pmi_version=1 pmi_subversion=1 
[proxy:0:0@comet-22-71.sdsc.edu] PMI response: cmd=response_to_init pmi_version=1 pmi_subversion=1 rc=0
[proxy:0:0@comet-22-71.sdsc.edu] got pmi command (from 17): init
pmi_version=1 pmi_subversion=1 
[proxy:0:0@comet-22-71.sdsc.edu] PMI response: cmd=response_to_init pmi_version=1 pmi_subversion=1 rc=0
[proxy:0:0@comet-22-71.sdsc.edu] got pmi command (from 21): init
pmi_version=1 pmi_subversion=1 
[proxy:0:0@comet-22-71.sdsc.edu] PMI response: cmd=response_to_init pmi_version=1 pmi_subversion=1 rc=0
[proxy:0:0@comet-22-71.sdsc.edu] got pmi command (from 25): init
pmi_version=1 pmi_subversion=1 
[proxy:0:0@comet-22-71.sdsc.edu] PMI response: cmd=response_to_init pmi_version=1 pmi_subversion=1 rc=0
[proxy:0:0@comet-22-71.sdsc.edu] got pmi command (from 4): get_maxes

[proxy:0:0@comet-22-71.sdsc.edu] PMI response: cmd=maxes kvsname_max=256 keylen_max=64 vallen_max=1024
[proxy:0:0@comet-22-71.sdsc.edu] got pmi command (from 5): get_maxes

[proxy:0:0@comet-22-71.sdsc.edu] PMI response: cmd=maxes kvsname_max=256 keylen_max=64 vallen_max=1024
[proxy:0:0@comet-22-71.sdsc.edu] got pmi command (from 6): get_maxes

[proxy:0:0@comet-22-71.sdsc.edu] PMI response: cmd=maxes kvsname_max=256 keylen_max=64 vallen_max=1024
[proxy:0:0@comet-22-71.sdsc.edu] got pmi command (from 9): get_maxes

[proxy:0:0@comet-22-71.sdsc.edu] PMI response: cmd=maxes kvsname_max=256 keylen_max=64 vallen_max=1024
[proxy:0:0@comet-22-71.sdsc.edu] got pmi command (from 13): get_maxes

[proxy:0:0@comet-22-71.sdsc.edu] PMI response: cmd=maxes kvsname_max=256 keylen_max=64 vallen_max=1024
[proxy:0:0@comet-22-71.sdsc.edu] got pmi command (from 17): get_maxes

[proxy:0:0@comet-22-71.sdsc.edu] PMI response: cmd=maxes kvsname_max=256 keylen_max=64 vallen_max=1024
[proxy:0:0@comet-22-71.sdsc.edu] got pmi command (from 21): get_maxes

[proxy:0:0@comet-22-71.sdsc.edu] PMI response: cmd=maxes kvsname_max=256 keylen_max=64 vallen_max=1024
[proxy:0:0@comet-22-71.sdsc.edu] got pmi command (from 4): get_appnum

[proxy:0:0@comet-22-71.sdsc.edu] PMI response: cmd=appnum appnum=0
[proxy:0:0@comet-22-71.sdsc.edu] got pmi command (from 5): get_appnum

[proxy:0:0@comet-22-71.sdsc.edu] PMI response: cmd=appnum appnum=0
[proxy:0:0@comet-22-71.sdsc.edu] got pmi command (from 6): get_appnum

[proxy:0:0@comet-22-71.sdsc.edu] PMI response: cmd=appnum appnum=0
[proxy:0:0@comet-22-71.sdsc.edu] got pmi command (from 9): get_appnum

[proxy:0:0@comet-22-71.sdsc.edu] PMI response: cmd=appnum appnum=0
[proxy:0:0@comet-22-71.sdsc.edu] got pmi command (from 13): get_appnum

[proxy:0:0@comet-22-71.sdsc.edu] PMI response: cmd=appnum appnum=0
[proxy:0:0@comet-22-71.sdsc.edu] got pmi command (from 17): get_appnum

[proxy:0:0@comet-22-71.sdsc.edu] PMI response: cmd=appnum appnum=0
[proxy:0:0@comet-22-71.sdsc.edu] got pmi command (from 25): get_maxes

[proxy:0:0@comet-22-71.sdsc.edu] PMI response: cmd=maxes kvsname_max=256 keylen_max=64 vallen_max=1024
[proxy:0:0@comet-22-71.sdsc.edu] got pmi command (from 4): get_my_kvsname

[proxy:0:0@comet-22-71.sdsc.edu] PMI response: cmd=my_kvsname kvsname=kvs_15239_0
[proxy:0:0@comet-22-71.sdsc.edu] got pmi command (from 5): get_my_kvsname

[proxy:0:0@comet-22-71.sdsc.edu] PMI response: cmd=my_kvsname kvsname=kvs_15239_0
[proxy:0:0@comet-22-71.sdsc.edu] got pmi command (from 6): get_my_kvsname

[proxy:0:0@comet-22-71.sdsc.edu] PMI response: cmd=my_kvsname kvsname=kvs_15239_0
[proxy:0:0@comet-22-71.sdsc.edu] got pmi command (from 9): get_my_kvsname

[proxy:0:0@comet-22-71.sdsc.edu] PMI response: cmd=my_kvsname kvsname=kvs_15239_0
[proxy:0:0@comet-22-71.sdsc.edu] got pmi command (from 13): get_my_kvsname

[proxy:0:0@comet-22-71.sdsc.edu] PMI response: cmd=my_kvsname kvsname=kvs_15239_0
[proxy:0:0@comet-22-71.sdsc.edu] got pmi command (from 17): get_my_kvsname

[proxy:0:0@comet-22-71.sdsc.edu] PMI response: cmd=my_kvsname kvsname=kvs_15239_0
[proxy:0:0@comet-22-71.sdsc.edu] got pmi command (from 21): get_appnum

[proxy:0:0@comet-22-71.sdsc.edu] PMI response: cmd=appnum appnum=0
[proxy:0:0@comet-22-71.sdsc.edu] got pmi command (from 4): get_my_kvsname

[proxy:0:0@comet-22-71.sdsc.edu] PMI response: cmd=my_kvsname kvsname=kvs_15239_0
[proxy:0:0@comet-22-71.sdsc.edu] got pmi command (from 5): get_my_kvsname

[proxy:0:0@comet-22-71.sdsc.edu] PMI response: cmd=my_kvsname kvsname=kvs_15239_0
[proxy:0:0@comet-22-71.sdsc.edu] got pmi command (from 6): get_my_kvsname

[proxy:0:0@comet-22-71.sdsc.edu] PMI response: cmd=my_kvsname kvsname=kvs_15239_0
[proxy:0:0@comet-22-71.sdsc.edu] got pmi command (from 9): get_my_kvsname

[proxy:0:0@comet-22-71.sdsc.edu] PMI response: cmd=my_kvsname kvsname=kvs_15239_0
[proxy:0:0@comet-22-71.sdsc.edu] got pmi command (from 13): get_my_kvsname

[proxy:0:0@comet-22-71.sdsc.edu] PMI response: cmd=my_kvsname kvsname=kvs_15239_0
[proxy:0:0@comet-22-71.sdsc.edu] got pmi command (from 17): get_my_kvsname

[proxy:0:0@comet-22-71.sdsc.edu] PMI response: cmd=my_kvsname kvsname=kvs_15239_0
[proxy:0:0@comet-22-71.sdsc.edu] got pmi command (from 25): get_appnum

[proxy:0:0@comet-22-71.sdsc.edu] PMI response: cmd=appnum appnum=0
[proxy:0:0@comet-22-71.sdsc.edu] got pmi command (from 4): put
kvsname=kvs_15239_0 key=hostname[0] value=-892984976 
[proxy:0:0@comet-22-71.sdsc.edu] cached command: hostname[0]=-892984976
[proxy:0:0@comet-22-71.sdsc.edu] PMI response: cmd=put_result rc=0 msg=success
[proxy:0:0@comet-22-71.sdsc.edu] got pmi command (from 5): put
kvsname=kvs_15239_0 key=hostname[1] value=-892984976 
[proxy:0:0@comet-22-71.sdsc.edu] cached command: hostname[1]=-892984976
[proxy:0:0@comet-22-71.sdsc.edu] PMI response: cmd=put_result rc=0 msg=success
[proxy:0:0@comet-22-71.sdsc.edu] got pmi command (from 6): put
kvsname=kvs_15239_0 key=hostname[2] value=-892984976 
[proxy:0:0@comet-22-71.sdsc.edu] cached command: hostname[2]=-892984976
[proxy:0:0@comet-22-71.sdsc.edu] PMI response: cmd=put_result rc=0 msg=success
[proxy:0:0@comet-22-71.sdsc.edu] got pmi command (from 21): get_my_kvsname

[proxy:0:0@comet-22-71.sdsc.edu] PMI response: cmd=my_kvsname kvsname=kvs_15239_0
[proxy:0:0@comet-22-71.sdsc.edu] got pmi command (from 4): barrier_in

[proxy:0:0@comet-22-71.sdsc.edu] got pmi command (from 5): barrier_in

[proxy:0:0@comet-22-71.sdsc.edu] got pmi command (from 6): barrier_in

[proxy:0:0@comet-22-71.sdsc.edu] got pmi command (from 9): put
kvsname=kvs_15239_0 key=hostname[3] value=-892984976 
[proxy:0:0@comet-22-71.sdsc.edu] cached command: hostname[3]=-892984976
[proxy:0:0@comet-22-71.sdsc.edu] PMI response: cmd=put_result rc=0 msg=success
[proxy:0:0@comet-22-71.sdsc.edu] got pmi command (from 13): put
kvsname=kvs_15239_0 key=hostname[4] value=-892984976 
[proxy:0:0@comet-22-71.sdsc.edu] cached command: hostname[4]=-892984976
[proxy:0:0@comet-22-71.sdsc.edu] PMI response: cmd=put_result rc=0 msg=success
[proxy:0:0@comet-22-71.sdsc.edu] got pmi command (from 17): put
kvsname=kvs_15239_0 key=hostname[5] value=-892984976 
[proxy:0:0@comet-22-71.sdsc.edu] cached command: hostname[5]=-892984976
[proxy:0:0@comet-22-71.sdsc.edu] PMI response: cmd=put_result rc=0 msg=success
[proxy:0:0@comet-22-71.sdsc.edu] got pmi command (from 25): get_my_kvsname

[proxy:0:0@comet-22-71.sdsc.edu] PMI response: cmd=my_kvsname kvsname=kvs_15239_0
[proxy:0:0@comet-22-71.sdsc.edu] got pmi command (from 9): barrier_in

[proxy:0:0@comet-22-71.sdsc.edu] got pmi command (from 13): barrier_in

[proxy:0:0@comet-22-71.sdsc.edu] got pmi command (from 17): barrier_in

[proxy:0:0@comet-22-71.sdsc.edu] got pmi command (from 21): get_my_kvsname

[proxy:0:0@comet-22-71.sdsc.edu] PMI response: cmd=my_kvsname kvsname=kvs_15239_0
[proxy:0:0@comet-22-71.sdsc.edu] got pmi command (from 25): get_my_kvsname

[proxy:0:0@comet-22-71.sdsc.edu] PMI response: cmd=my_kvsname kvsname=kvs_15239_0
[proxy:0:0@comet-22-71.sdsc.edu] got pmi command (from 21): put
kvsname=kvs_15239_0 key=hostname[6] value=-892984976 
[proxy:0:0@comet-22-71.sdsc.edu] cached command: hostname[6]=-892984976
[proxy:0:0@comet-22-71.sdsc.edu] PMI response: cmd=put_result rc=0 msg=success
[proxy:0:0@comet-22-71.sdsc.edu] got pmi command (from 25): put
kvsname=kvs_15239_0 key=hostname[7] value=-892984976 
[proxy:0:0@comet-22-71.sdsc.edu] cached command: hostname[7]=-892984976
[proxy:0:0@comet-22-71.sdsc.edu] PMI response: cmd=put_result rc=0 msg=success
[proxy:0:0@comet-22-71.sdsc.edu] got pmi command (from 21): barrier_in

[proxy:0:0@comet-22-71.sdsc.edu] got pmi command (from 25): barrier_in

[proxy:0:0@comet-22-71.sdsc.edu] flushing 8 put command(s) out
[proxy:0:0@comet-22-71.sdsc.edu] forwarding command (cmd=put hostname[0]=-892984976 hostname[1]=-892984976 hostname[2]=-892984976 hostname[3]=-892984976 hostname[4]=-892984976 hostname[5]=-892984976 hostname[6]=-892984976 hostname[7]=-892984976) upstream
[mpiexec@comet-22-71.sdsc.edu] [pgid: 0] got PMI command: cmd=put hostname[0]=-892984976 hostname[1]=-892984976 hostname[2]=-892984976 hostname[3]=-892984976 hostname[4]=-892984976 hostname[5]=-892984976 hostname[6]=-892984976 hostname[7]=-892984976
[proxy:0:0@comet-22-71.sdsc.edu] forwarding command (cmd=barrier_in) upstream
[mpiexec@comet-22-71.sdsc.edu] [pgid: 0] got PMI command: cmd=barrier_in
[mpiexec@comet-22-71.sdsc.edu] PMI response to fd 7 pid 25: cmd=keyval_cache hostname[0]=-892984976 hostname[1]=-892984976 hostname[2]=-892984976 hostname[3]=-892984976 hostname[4]=-892984976 hostname[5]=-892984976 hostname[6]=-892984976 hostname[7]=-892984976 
[mpiexec@comet-22-71.sdsc.edu] PMI response to fd 7 pid 25: cmd=barrier_out
[proxy:0:0@comet-22-71.sdsc.edu] PMI response: cmd=barrier_out
[proxy:0:0@comet-22-71.sdsc.edu] PMI response: cmd=barrier_out
[proxy:0:0@comet-22-71.sdsc.edu] PMI response: cmd=barrier_out
[proxy:0:0@comet-22-71.sdsc.edu] PMI response: cmd=barrier_out
[proxy:0:0@comet-22-71.sdsc.edu] PMI response: cmd=barrier_out
[proxy:0:0@comet-22-71.sdsc.edu] PMI response: cmd=barrier_out
[proxy:0:0@comet-22-71.sdsc.edu] PMI response: cmd=barrier_out
[proxy:0:0@comet-22-71.sdsc.edu] PMI response: cmd=barrier_out
[proxy:0:0@comet-22-71.sdsc.edu] got pmi command (from 5): get
kvsname=kvs_15239_0 key=hostname[0] 
[proxy:0:0@comet-22-71.sdsc.edu] PMI response: cmd=get_result rc=0 msg=success value=-892984976
[proxy:0:0@comet-22-71.sdsc.edu] got pmi command (from 4): get
kvsname=kvs_15239_0 key=hostname[1] 
[proxy:0:0@comet-22-71.sdsc.edu] PMI response: cmd=get_result rc=0 msg=success value=-892984976
[proxy:0:0@comet-22-71.sdsc.edu] got pmi command (from 6): get
kvsname=kvs_15239_0 key=hostname[0] 
[proxy:0:0@comet-22-71.sdsc.edu] PMI response: cmd=get_result rc=0 msg=success value=-892984976
[proxy:0:0@comet-22-71.sdsc.edu] got pmi command (from 9): get
kvsname=kvs_15239_0 key=hostname[0] 
[proxy:0:0@comet-22-71.sdsc.edu] PMI response: cmd=get_result rc=0 msg=success value=-892984976
[proxy:0:0@comet-22-71.sdsc.edu] got pmi command (from 13): get
kvsname=kvs_15239_0 key=hostname[0] 
[proxy:0:0@comet-22-71.sdsc.edu] PMI response: cmd=get_result rc=0 msg=success value=-892984976
[proxy:0:0@comet-22-71.sdsc.edu] got pmi command (from 17): get
kvsname=kvs_15239_0 key=hostname[0] 
[proxy:0:0@comet-22-71.sdsc.edu] PMI response: cmd=get_result rc=0 msg=success value=-892984976
[proxy:0:0@comet-22-71.sdsc.edu] got pmi command (from 21): get
kvsname=kvs_15239_0 key=hostname[0] 
[proxy:0:0@comet-22-71.sdsc.edu] PMI response: cmd=get_result rc=0 msg=success value=-892984976
[proxy:0:0@comet-22-71.sdsc.edu] got pmi command (from 25): get
kvsname=kvs_15239_0 key=hostname[0] 
[proxy:0:0@comet-22-71.sdsc.edu] PMI response: cmd=get_result rc=0 msg=success value=-892984976
[proxy:0:0@comet-22-71.sdsc.edu] got pmi command (from 4): get
kvsname=kvs_15239_0 key=hostname[2] 
[proxy:0:0@comet-22-71.sdsc.edu] PMI response: cmd=get_result rc=0 msg=success value=-892984976
[proxy:0:0@comet-22-71.sdsc.edu] got pmi command (from 5): get
kvsname=kvs_15239_0 key=hostname[2] 
[proxy:0:0@comet-22-71.sdsc.edu] PMI response: cmd=get_result rc=0 msg=success value=-892984976
[proxy:0:0@comet-22-71.sdsc.edu] got pmi command (from 6): get
kvsname=kvs_15239_0 key=hostname[1] 
[proxy:0:0@comet-22-71.sdsc.edu] PMI response: cmd=get_result rc=0 msg=success value=-892984976
[proxy:0:0@comet-22-71.sdsc.edu] got pmi command (from 9): get
kvsname=kvs_15239_0 key=hostname[1] 
[proxy:0:0@comet-22-71.sdsc.edu] PMI response: cmd=get_result rc=0 msg=success value=-892984976
[proxy:0:0@comet-22-71.sdsc.edu] got pmi command (from 13): get
kvsname=kvs_15239_0 key=hostname[1] 
[proxy:0:0@comet-22-71.sdsc.edu] PMI response: cmd=get_result rc=0 msg=success value=-892984976
[proxy:0:0@comet-22-71.sdsc.edu] got pmi command (from 17): get
kvsname=kvs_15239_0 key=hostname[1] 
[proxy:0:0@comet-22-71.sdsc.edu] PMI response: cmd=get_result rc=0 msg=success value=-892984976
[proxy:0:0@comet-22-71.sdsc.edu] got pmi command (from 21): get
kvsname=kvs_15239_0 key=hostname[1] 
[proxy:0:0@comet-22-71.sdsc.edu] PMI response: cmd=get_result rc=0 msg=success value=-892984976
[proxy:0:0@comet-22-71.sdsc.edu] got pmi command (from 4): get
kvsname=kvs_15239_0 key=hostname[3] 
[proxy:0:0@comet-22-71.sdsc.edu] PMI response: cmd=get_result rc=0 msg=success value=-892984976
[proxy:0:0@comet-22-71.sdsc.edu] got pmi command (from 5): get
kvsname=kvs_15239_0 key=hostname[3] 
[proxy:0:0@comet-22-71.sdsc.edu] PMI response: cmd=get_result rc=0 msg=success value=-892984976
[proxy:0:0@comet-22-71.sdsc.edu] got pmi command (from 6): get
kvsname=kvs_15239_0 key=hostname[3] 
[proxy:0:0@comet-22-71.sdsc.edu] PMI response: cmd=get_result rc=0 msg=success value=-892984976
[proxy:0:0@comet-22-71.sdsc.edu] got pmi command (from 9): get
kvsname=kvs_15239_0 key=hostname[2] 
[proxy:0:0@comet-22-71.sdsc.edu] PMI response: cmd=get_result rc=0 msg=success value=-892984976
[proxy:0:0@comet-22-71.sdsc.edu] got pmi command (from 13): get
kvsname=kvs_15239_0 key=hostname[2] 
[proxy:0:0@comet-22-71.sdsc.edu] PMI response: cmd=get_result rc=0 msg=success value=-892984976
[proxy:0:0@comet-22-71.sdsc.edu] got pmi command (from 17): get
kvsname=kvs_15239_0 key=hostname[2] 
[proxy:0:0@comet-22-71.sdsc.edu] PMI response: cmd=get_result rc=0 msg=success value=-892984976
[proxy:0:0@comet-22-71.sdsc.edu] got pmi command (from 25): get
kvsname=kvs_15239_0 key=hostname[1] 
[proxy:0:0@comet-22-71.sdsc.edu] PMI response: cmd=get_result rc=0 msg=success value=-892984976
[proxy:0:0@comet-22-71.sdsc.edu] got pmi command (from 4): get
kvsname=kvs_15239_0 key=hostname[4] 
[proxy:0:0@comet-22-71.sdsc.edu] PMI response: cmd=get_result rc=0 msg=success value=-892984976
[proxy:0:0@comet-22-71.sdsc.edu] got pmi command (from 5): get
kvsname=kvs_15239_0 key=hostname[4] 
[proxy:0:0@comet-22-71.sdsc.edu] PMI response: cmd=get_result rc=0 msg=success value=-892984976
[proxy:0:0@comet-22-71.sdsc.edu] got pmi command (from 6): get
kvsname=kvs_15239_0 key=hostname[4] 
[proxy:0:0@comet-22-71.sdsc.edu] PMI response: cmd=get_result rc=0 msg=success value=-892984976
[proxy:0:0@comet-22-71.sdsc.edu] got pmi command (from 9): get
kvsname=kvs_15239_0 key=hostname[4] 
[proxy:0:0@comet-22-71.sdsc.edu] PMI response: cmd=get_result rc=0 msg=success value=-892984976
[proxy:0:0@comet-22-71.sdsc.edu] got pmi command (from 13): get
kvsname=kvs_15239_0 key=hostname[3] 
[proxy:0:0@comet-22-71.sdsc.edu] PMI response: cmd=get_result rc=0 msg=success value=-892984976
[proxy:0:0@comet-22-71.sdsc.edu] got pmi command (from 17): get
kvsname=kvs_15239_0 key=hostname[3] 
[proxy:0:0@comet-22-71.sdsc.edu] PMI response: cmd=get_result rc=0 msg=success value=-892984976
[proxy:0:0@comet-22-71.sdsc.edu] got pmi command (from 21): get
kvsname=kvs_15239_0 key=hostname[2] 
[proxy:0:0@comet-22-71.sdsc.edu] PMI response: cmd=get_result rc=0 msg=success value=-892984976
[proxy:0:0@comet-22-71.sdsc.edu] got pmi command (from 4): get
kvsname=kvs_15239_0 key=hostname[5] 
[proxy:0:0@comet-22-71.sdsc.edu] PMI response: cmd=get_result rc=0 msg=success value=-892984976
[proxy:0:0@comet-22-71.sdsc.edu] got pmi command (from 5): get
kvsname=kvs_15239_0 key=hostname[5] 
[proxy:0:0@comet-22-71.sdsc.edu] PMI response: cmd=get_result rc=0 msg=success value=-892984976
[proxy:0:0@comet-22-71.sdsc.edu] got pmi command (from 6): get
kvsname=kvs_15239_0 key=hostname[5] 
[proxy:0:0@comet-22-71.sdsc.edu] PMI response: cmd=get_result rc=0 msg=success value=-892984976
[proxy:0:0@comet-22-71.sdsc.edu] got pmi command (from 9): get
kvsname=kvs_15239_0 key=hostname[5] 
[proxy:0:0@comet-22-71.sdsc.edu] PMI response: cmd=get_result rc=0 msg=success value=-892984976
[proxy:0:0@comet-22-71.sdsc.edu] got pmi command (from 13): get
kvsname=kvs_15239_0 key=hostname[5] 
[proxy:0:0@comet-22-71.sdsc.edu] PMI response: cmd=get_result rc=0 msg=success value=-892984976
[proxy:0:0@comet-22-71.sdsc.edu] got pmi command (from 17): get
kvsname=kvs_15239_0 key=hostname[4] 
[proxy:0:0@comet-22-71.sdsc.edu] PMI response: cmd=get_result rc=0 msg=success value=-892984976
[proxy:0:0@comet-22-71.sdsc.edu] got pmi command (from 25): get
kvsname=kvs_15239_0 key=hostname[2] 
[proxy:0:0@comet-22-71.sdsc.edu] PMI response: cmd=get_result rc=0 msg=success value=-892984976
[proxy:0:0@comet-22-71.sdsc.edu] got pmi command (from 4): get
kvsname=kvs_15239_0 key=hostname[6] 
[proxy:0:0@comet-22-71.sdsc.edu] PMI response: cmd=get_result rc=0 msg=success value=-892984976
[proxy:0:0@comet-22-71.sdsc.edu] got pmi command (from 5): get
kvsname=kvs_15239_0 key=hostname[6] 
[proxy:0:0@comet-22-71.sdsc.edu] PMI response: cmd=get_result rc=0 msg=success value=-892984976
[proxy:0:0@comet-22-71.sdsc.edu] got pmi command (from 6): get
kvsname=kvs_15239_0 key=hostname[6] 
[proxy:0:0@comet-22-71.sdsc.edu] PMI response: cmd=get_result rc=0 msg=success value=-892984976
[proxy:0:0@comet-22-71.sdsc.edu] got pmi command (from 9): get
kvsname=kvs_15239_0 key=hostname[6] 
[proxy:0:0@comet-22-71.sdsc.edu] PMI response: cmd=get_result rc=0 msg=success value=-892984976
[proxy:0:0@comet-22-71.sdsc.edu] got pmi command (from 13): get
kvsname=kvs_15239_0 key=hostname[6] 
[proxy:0:0@comet-22-71.sdsc.edu] PMI response: cmd=get_result rc=0 msg=success value=-892984976
[proxy:0:0@comet-22-71.sdsc.edu] got pmi command (from 17): get
kvsname=kvs_15239_0 key=hostname[6] 
[proxy:0:0@comet-22-71.sdsc.edu] PMI response: cmd=get_result rc=0 msg=success value=-892984976
[proxy:0:0@comet-22-71.sdsc.edu] got pmi command (from 21): get
kvsname=kvs_15239_0 key=hostname[3] 
[proxy:0:0@comet-22-71.sdsc.edu] PMI response: cmd=get_result rc=0 msg=success value=-892984976
[proxy:0:0@comet-22-71.sdsc.edu] got pmi command (from 4): get
kvsname=kvs_15239_0 key=hostname[7] 
[proxy:0:0@comet-22-71.sdsc.edu] PMI response: cmd=get_result rc=0 msg=success value=-892984976
[proxy:0:0@comet-22-71.sdsc.edu] got pmi command (from 5): get
kvsname=kvs_15239_0 key=hostname[7] 
[proxy:0:0@comet-22-71.sdsc.edu] PMI response: cmd=get_result rc=0 msg=success value=-892984976
[proxy:0:0@comet-22-71.sdsc.edu] got pmi command (from 6): get
kvsname=kvs_15239_0 key=hostname[7] 
[proxy:0:0@comet-22-71.sdsc.edu] PMI response: cmd=get_result rc=0 msg=success value=-892984976
[proxy:0:0@comet-22-71.sdsc.edu] got pmi command (from 9): get
kvsname=kvs_15239_0 key=hostname[7] 
[proxy:0:0@comet-22-71.sdsc.edu] PMI response: cmd=get_result rc=0 msg=success value=-892984976
[proxy:0:0@comet-22-71.sdsc.edu] got pmi command (from 13): get
kvsname=kvs_15239_0 key=hostname[7] 
[proxy:0:0@comet-22-71.sdsc.edu] PMI response: cmd=get_result rc=0 msg=success value=-892984976
[proxy:0:0@comet-22-71.sdsc.edu] got pmi command (from 17): get
kvsname=kvs_15239_0 key=hostname[7] 
[proxy:0:0@comet-22-71.sdsc.edu] PMI response: cmd=get_result rc=0 msg=success value=-892984976
[proxy:0:0@comet-22-71.sdsc.edu] got pmi command (from 25): get
kvsname=kvs_15239_0 key=hostname[3] 
[proxy:0:0@comet-22-71.sdsc.edu] PMI response: cmd=get_result rc=0 msg=success value=-892984976
[proxy:0:0@comet-22-71.sdsc.edu] got pmi command (from 21): get
kvsname=kvs_15239_0 key=hostname[4] 
[proxy:0:0@comet-22-71.sdsc.edu] PMI response: cmd=get_result rc=0 msg=success value=-892984976
[proxy:0:0@comet-22-71.sdsc.edu] got pmi command (from 25): get
kvsname=kvs_15239_0 key=hostname[4] 
[proxy:0:0@comet-22-71.sdsc.edu] PMI response: cmd=get_result rc=0 msg=success value=-892984976
[proxy:0:0@comet-22-71.sdsc.edu] got pmi command (from 21): get
kvsname=kvs_15239_0 key=hostname[5] 
[proxy:0:0@comet-22-71.sdsc.edu] PMI response: cmd=get_result rc=0 msg=success value=-892984976
[proxy:0:0@comet-22-71.sdsc.edu] got pmi command (from 25): get
kvsname=kvs_15239_0 key=hostname[5] 
[proxy:0:0@comet-22-71.sdsc.edu] PMI response: cmd=get_result rc=0 msg=success value=-892984976
[proxy:0:0@comet-22-71.sdsc.edu] got pmi command (from 21): get
kvsname=kvs_15239_0 key=hostname[7] 
[proxy:0:0@comet-22-71.sdsc.edu] PMI response: cmd=get_result rc=0 msg=success value=-892984976
[proxy:0:0@comet-22-71.sdsc.edu] got pmi command (from 25): get
kvsname=kvs_15239_0 key=hostname[6] 
[proxy:0:0@comet-22-71.sdsc.edu] PMI response: cmd=get_result rc=0 msg=success value=-892984976
[proxy:0:0@comet-22-71.sdsc.edu] got pmi command (from 4): finalize

[proxy:0:0@comet-22-71.sdsc.edu] PMI response: cmd=finalize_ack
[proxy:0:0@comet-22-71.sdsc.edu] got pmi command (from 5): finalize

[proxy:0:0@comet-22-71.sdsc.edu] PMI response: cmd=finalize_ack
[proxy:0:0@comet-22-71.sdsc.edu] got pmi command (from 6): finalize

[proxy:0:0@comet-22-71.sdsc.edu] PMI response: cmd=finalize_ack
[proxy:0:0@comet-22-71.sdsc.edu] got pmi command (from 9): finalize

[proxy:0:0@comet-22-71.sdsc.edu] PMI response: cmd=finalize_ack
[proxy:0:0@comet-22-71.sdsc.edu] got pmi command (from 13): finalize

[proxy:0:0@comet-22-71.sdsc.edu] PMI response: cmd=finalize_ack
[proxy:0:0@comet-22-71.sdsc.edu] got pmi command (from 17): finalize

[proxy:0:0@comet-22-71.sdsc.edu] PMI response: cmd=finalize_ack
[proxy:0:0@comet-22-71.sdsc.edu] got pmi command (from 25): finalize

[proxy:0:0@comet-22-71.sdsc.edu] PMI response: cmd=finalize_ack
[proxy:0:0@comet-22-71.sdsc.edu] got pmi command (from 21): finalize

[proxy:0:0@comet-22-71.sdsc.edu] PMI response: cmd=finalize_ack
