
          -------------------------------------------------------
          Amber 14 SANDER                              2014
          -------------------------------------------------------

| PMEMD implementation of SANDER, Release 14

| Run on 01/30/2016 at 15:01:28

|   Executable path: /opt/amber/bin//pmemd.MPI
| Working directory: /oasis/scratch/comet/pieong/temp_project/MD_Test_Oct/r175h_stictic/min3_log
|          Hostname: comet-22-71

  [-O]verwriting output

File Assignments:
|   MDIN: /oasis/scratch/comet/pieong/temp_project/MD_Test_Oct/confDir/min3_swit
|  MDOUT: /oasis/scratch/comet/pieong/temp_project/MD_Test_Oct/r175h_stictic/min
| INPCRD: /oasis/scratch/comet/pieong/temp_project/MD_Test_Oct/r175h_stictic/min
|   PARM: /oasis/scratch/comet/pieong/temp_project/MD_Test_Oct/r175h_stictic/r17
| RESTRT: /oasis/scratch/comet/pieong/temp_project/MD_Test_Oct/r175h_stictic/min
|   REFC: /oasis/scratch/comet/pieong/temp_project/MD_Test_Oct/r175h_stictic/r17
|  MDVEL: mdvel                                                                 
|   MDEN: mden                                                                  
|  MDCRD: mdcrd                                                                 
| MDINFO: mdinfo                                                                
|LOGFILE: logfile                                                               
|  MDFRC: mdfrc                                                                 


 Here is the input file:

Minimization 03 - Focused                                                      
 &cntrl                                                                        
   imin = 1,                        	! Minimization (Yes)                      
   ntmin = 0,                       	! Minimization Method (Steepest decent/Con
   maxcyc = 2000,                  	! Maximum number of minimization cycles (20
   cut = 10,                         	! Non-bonding Cut-off (9 A)              
   ntc = 2,		    		! bonds involving hydrogen are constrained                  
   ntf = 2, 		    		! bond interactions involving H-atoms omitted              
   tol = 0.00000005,	    		! equal to the rigid tolerance for NAmd             
   dt = 0.002,		    		! timestep                                               
   nsnb = 10,		    		! these two parameter is equalivent to stepspercycle      
   iwrap = 1,		    		! wrap everything into one box (equal to wrapWater, wrapAl
   ntb = 1,                		! PBC (Constant Volume)                           
   ntr = 1,                		! Harmonic constraints in Cartesian space (On)    
   restraint_wt = 100.0,    		! Positional restraints weight ( 10 kcal/mol-A^2)
   restraintmask = '!@H= & !:WAT & !:81,84,143,147', ! Restrained atoms (Not pr
 /                                                                             
 &ewald                                                                        
   skinnb = 2.0,           ! equal to pairlistdist (cutoff + skinnb)           
   nbflag = 0,             !                                                   
 /                                                                             


| INFO:    The nsnb ctrl option does not affect nonbonded list update frequency.
|          It does affect steepest descent minimization freq if ntmin == 0
 
| WARNING: nbflag is ignored; skin checks are always done.
 
| Conditional Compilation Defines Used:
| MPI
| PUBFFT
| BINTRAJ
| MKL
| EMIL

| Largest sphere to fit in unit cell has radius =    34.138

| New format PARM file being parsed.
| Version =    1.000 Date = 07/03/12 Time = 11:25:57

| Note: 1-4 EEL scale factors are being read from the topology file.

| Note: 1-4 VDW scale factors are being read from the topology file.
| Duplicated    0 dihedrals

| Duplicated    0 dihedrals

--------------------------------------------------------------------------------
   1.  RESOURCE   USE: 
--------------------------------------------------------------------------------

 getting new box info from bottom of inpcrd
 NATOM  =   26731 NTYPES =      19 NBONH =   25175 MBONA  =    1600
 NTHETH =    3372 MTHETA =    2194 NPHIH =    6672 MPHIA  =    5434
 NHPARM =       0 NPARM  =       0 NNB   =   48323 NRES   =    8091
 NBONA  =    1600 NTHETA =    2194 NPHIA =    5434 NUMBND =      64
 NUMANG =     128 NPTRA  =      51 NATYP =      45 NPHB   =       1
 IFBOX  =       1 NMXRS  =      42 IFCAP =       0 NEXTRA =       0
 NCOPY  =       0

| Coordinate Index Table dimensions:    11   11   11
| Direct force subcell size =     6.3467    6.5280    6.2070

     BOX TYPE: RECTILINEAR

--------------------------------------------------------------------------------
   2.  CONTROL  DATA  FOR  THE  RUN
--------------------------------------------------------------------------------

default_name                                                                    

General flags:
     imin    =       1, nmropt  =       0

Nature and format of input:
     ntx     =       1, irest   =       0, ntrx    =       1

Nature and format of output:
     ntxo    =       1, ntpr    =      50, ntrx    =       1, ntwr    =     500
     iwrap   =       1, ntwx    =       0, ntwv    =       0, ntwe    =       0
     ioutfm  =       0, ntwprt  =       0, idecomp =       0, rbornstat=      0

Potential function:
     ntf     =       2, ntb     =       1, igb     =       0, nsnb    =      10
     ipol    =       0, gbsa    =       0, iesp    =       0
     dielc   =   1.00000, cut     =  10.00000, intdiel =   1.00000

Frozen or restrained atoms:
     ibelly  =       0, ntr     =       1
     restraint_wt = 100.00000

Energy minimization:
     maxcyc  =    2000, ncyc    =      10, ntmin   =       0
     dx0     =   0.01000, drms    =   0.00010

SHAKE:
     ntc     =       2, jfastw  =       0
     tol     =   0.00000

| Intermolecular bonds treatment:
|     no_intermolecular_bonds =       1

| Energy averages sample interval:
|     ene_avg_sampling =       1

Ewald parameters:
     verbose =       0, ew_type =       0, nbflag  =       0, use_pme =       1
     vdwmeth =       1, eedmeth =       1, netfrc  =       0
     Box X =   69.814   Box Y =   71.808   Box Z =   68.277
     Alpha =   90.000   Beta  =   90.000   Gamma =   90.000
     NFFT1 =   72       NFFT2 =   72       NFFT3 =   72
     Cutoff=   10.000   Tol   =0.100E-04
     Ewald Coefficient =  0.27511
     Interpolation order =    4

| PMEMD ewald parallel performance parameters:
|     block_fft =    0
|     fft_blk_y_divisor =    2
|     excl_recip =    0
|     excl_master =    0
|     atm_redist_freq =  320

    LOADING THE CONSTRAINED ATOMS AS GROUPS


   5.  REFERENCE ATOM COORDINATES

  default_name                                                                    
     Mask !@H= & !:WAT & !:81,84,143,147; matches  1528 atoms

--------------------------------------------------------------------------------
   3.  ATOMIC COORDINATES AND VELOCITIES
--------------------------------------------------------------------------------

default_name                                                                    
 begin time read from input coords =     0.000 ps

 
 Number of triangulated 3-point waters found:     7895

     Sum of charges from parm topology file =  -0.00020106
     Forcing neutrality...

| Dynamic Memory, Types Used:
| Reals             1162048
| Integers          1175393

| Nonbonded Pairs Initial Allocation:     1309150

| Running AMBER/MPI version on    8 nodes

 
--------------------------------------------------------------------------------
   4.  RESULTS
--------------------------------------------------------------------------------

 ---------------------------------------------------
 APPROXIMATING switch and d/dx switch using CUBIC SPLINE INTERPOLATION
 using   5000.0 points per unit in tabled values
 TESTING RELATIVE ERROR over r ranging from 0.0 to cutoff
| CHECK switch(x): max rel err =   0.2738E-14   at   2.422500
| CHECK d/dx switch(x): max rel err =   0.8314E-11   at   2.736960
 ---------------------------------------------------
|---------------------------------------------------
| APPROXIMATING direct energy using CUBIC SPLINE INTERPOLATION
|  with   50.0 points per unit in tabled values
| Relative Error Limit not exceeded for r .gt.   2.33
| APPROXIMATING direct force using CUBIC SPLINE INTERPOLATION
|  with   50.0 points per unit in tabled values
| Relative Error Limit not exceeded for r .gt.   2.80
|---------------------------------------------------


   NSTEP       ENERGY          RMS            GMAX         NAME    NUMBER
      1      -7.5239E+04     1.3448E+01     4.4816E+01     O       24203

 BOND    =      143.2148  ANGLE   =      679.7152  DIHED      =     1920.6712
 VDWAALS =     3632.7454  EEL     =   -88065.3744  HBOND      =        0.0000
 1-4 VDW =      636.3688  1-4 EEL =     5591.9688  RESTRAINT  =      221.8626
 EAMBER  =   -75460.6902


   NSTEP       ENERGY          RMS            GMAX         NAME    NUMBER
     50      -7.5239E+04     1.3448E+01     4.4816E+01     O       24203

 BOND    =      143.2148  ANGLE   =      679.7149  DIHED      =     1920.6711
 VDWAALS =     3632.7392  EEL     =   -88065.3664  HBOND      =        0.0000
 1-4 VDW =      636.3687  1-4 EEL =     5591.9689  RESTRAINT  =      221.8626
 EAMBER  =   -75460.6889


   NSTEP       ENERGY          RMS            GMAX         NAME    NUMBER
    100      -7.5239E+04     1.3448E+01     4.4816E+01     O       24203

 BOND    =      143.2147  ANGLE   =      679.7147  DIHED      =     1920.6710
 VDWAALS =     3632.7355  EEL     =   -88065.3618  HBOND      =        0.0000
 1-4 VDW =      636.3687  1-4 EEL =     5591.9689  RESTRAINT  =      221.8625
 EAMBER  =   -75460.6883


   NSTEP       ENERGY          RMS            GMAX         NAME    NUMBER
    150      -7.5239E+04     1.3448E+01     4.4816E+01     O       24203

 BOND    =      143.2147  ANGLE   =      679.7143  DIHED      =     1920.6708
 VDWAALS =     3632.7288  EEL     =   -88065.3544  HBOND      =        0.0000
 1-4 VDW =      636.3686  1-4 EEL =     5591.9690  RESTRAINT  =      221.8624
 EAMBER  =   -75460.6881


   NSTEP       ENERGY          RMS            GMAX         NAME    NUMBER
    200      -7.5239E+04     1.3448E+01     4.4816E+01     O       24203

 BOND    =      143.2146  ANGLE   =      679.7139  DIHED      =     1920.6707
 VDWAALS =     3632.7221  EEL     =   -88065.3470  HBOND      =        0.0000
 1-4 VDW =      636.3686  1-4 EEL =     5591.9691  RESTRAINT  =      221.8623
 EAMBER  =   -75460.6880


   NSTEP       ENERGY          RMS            GMAX         NAME    NUMBER
    250      -7.5239E+04     1.3448E+01     4.4815E+01     O       24203

 BOND    =      143.2092  ANGLE   =      679.6831  DIHED      =     1920.6583
 VDWAALS =     3632.1722  EEL     =   -88064.7413  HBOND      =        0.0000
 1-4 VDW =      636.3640  1-4 EEL =     5591.9763  RESTRAINT  =      221.8545
 EAMBER  =   -75460.6783


   NSTEP       ENERGY          RMS            GMAX         NAME    NUMBER
    300      -7.5239E+04     1.3448E+01     4.4815E+01     O       24203

 BOND    =      143.2080  ANGLE   =      679.6761  DIHED      =     1920.6554
 VDWAALS =     3632.0448  EEL     =   -88064.5949  HBOND      =        0.0000
 1-4 VDW =      636.3629  1-4 EEL =     5591.9779  RESTRAINT  =      221.8527
 EAMBER  =   -75460.6697


   NSTEP       ENERGY          RMS            GMAX         NAME    NUMBER
    350      -7.5239E+04     1.3448E+01     4.4815E+01     O       24203

 BOND    =      143.2079  ANGLE   =      679.6755  DIHED      =     1920.6552
 VDWAALS =     3632.0349  EEL     =   -88064.5839  HBOND      =        0.0000
 1-4 VDW =      636.3629  1-4 EEL =     5591.9781  RESTRAINT  =      221.8526
 EAMBER  =   -75460.6695


   NSTEP       ENERGY          RMS            GMAX         NAME    NUMBER
    400      -7.5239E+04     1.3448E+01     4.4815E+01     O       24203

 BOND    =      143.2032  ANGLE   =      679.6480  DIHED      =     1920.6441
 VDWAALS =     3631.5446  EEL     =   -88064.0358  HBOND      =        0.0000
 1-4 VDW =      636.3588  1-4 EEL =     5591.9845  RESTRAINT  =      221.8456
 EAMBER  =   -75460.6526


   NSTEP       ENERGY          RMS            GMAX         NAME    NUMBER
    450      -7.5239E+04     1.3447E+01     4.4814E+01     O       24203

 BOND    =      143.1986  ANGLE   =      679.6205  DIHED      =     1920.6331
 VDWAALS =     3631.0537  EEL     =   -88063.4924  HBOND      =        0.0000
 1-4 VDW =      636.3547  1-4 EEL =     5591.9909  RESTRAINT  =      221.8386
 EAMBER  =   -75460.6409


   NSTEP       ENERGY          RMS            GMAX         NAME    NUMBER
    500      -7.5239E+04     1.3447E+01     4.4814E+01     O       24203

 BOND    =      143.1985  ANGLE   =      679.6202  DIHED      =     1920.6329
 VDWAALS =     3631.0485  EEL     =   -88063.4867  HBOND      =        0.0000
 1-4 VDW =      636.3546  1-4 EEL =     5591.9910  RESTRAINT  =      221.8385
 EAMBER  =   -75460.6408


   NSTEP       ENERGY          RMS            GMAX         NAME    NUMBER
    550      -7.5239E+04     1.3447E+01     4.4814E+01     O       24203

 BOND    =      143.1985  ANGLE   =      679.6199  DIHED      =     1920.6328
 VDWAALS =     3631.0418  EEL     =   -88063.4792  HBOND      =        0.0000
 1-4 VDW =      636.3546  1-4 EEL =     5591.9911  RESTRAINT  =      221.8385
 EAMBER  =   -75460.6406


   NSTEP       ENERGY          RMS            GMAX         NAME    NUMBER
    600      -7.5239E+04     1.3447E+01     4.4814E+01     O       24203

 BOND    =      143.1984  ANGLE   =      679.6195  DIHED      =     1920.6326
 VDWAALS =     3631.0351  EEL     =   -88063.4712  HBOND      =        0.0000
 1-4 VDW =      636.3545  1-4 EEL =     5591.9912  RESTRAINT  =      221.8384
 EAMBER  =   -75460.6399


   NSTEP       ENERGY          RMS            GMAX         NAME    NUMBER
    650      -7.5239E+04     1.3447E+01     4.4814E+01     O       24203

 BOND    =      143.1895  ANGLE   =      679.5649  DIHED      =     1920.6107
 VDWAALS =     3630.0624  EEL     =   -88062.3966  HBOND      =        0.0000
 1-4 VDW =      636.3464  1-4 EEL =     5592.0039  RESTRAINT  =      221.8245
 EAMBER  =   -75460.6188


   NSTEP       ENERGY          RMS            GMAX         NAME    NUMBER
    700      -7.5239E+04     1.3447E+01     4.4814E+01     O       24203

 BOND    =      143.1889  ANGLE   =      679.5612  DIHED      =     1920.6092
 VDWAALS =     3629.9963  EEL     =   -88062.3244  HBOND      =        0.0000
 1-4 VDW =      636.3458  1-4 EEL =     5592.0048  RESTRAINT  =      221.8236
 EAMBER  =   -75460.6181


   NSTEP       ENERGY          RMS            GMAX         NAME    NUMBER
    750      -7.5239E+04     1.3447E+01     4.4814E+01     O       24203

 BOND    =      143.1888  ANGLE   =      679.5607  DIHED      =     1920.6090
 VDWAALS =     3629.9871  EEL     =   -88062.3142  HBOND      =        0.0000
 1-4 VDW =      636.3458  1-4 EEL =     5592.0049  RESTRAINT  =      221.8235
 EAMBER  =   -75460.6178


   NSTEP       ENERGY          RMS            GMAX         NAME    NUMBER
    800      -7.5239E+04     1.3447E+01     4.4814E+01     O       24203

 BOND    =      143.1888  ANGLE   =      679.5605  DIHED      =     1920.6089
 VDWAALS =     3629.9827  EEL     =   -88062.3079  HBOND      =        0.0000
 1-4 VDW =      636.3457  1-4 EEL =     5592.0050  RESTRAINT  =      221.8234
 EAMBER  =   -75460.6163


   NSTEP       ENERGY          RMS            GMAX         NAME    NUMBER
    850      -7.5239E+04     1.3447E+01     4.4814E+01     O       24203

 BOND    =      143.1887  ANGLE   =      679.5601  DIHED      =     1920.6087
 VDWAALS =     3629.9768  EEL     =   -88062.3013  HBOND      =        0.0000
 1-4 VDW =      636.3457  1-4 EEL =     5592.0051  RESTRAINT  =      221.8233
 EAMBER  =   -75460.6162


   NSTEP       ENERGY          RMS            GMAX         NAME    NUMBER
    900      -7.5239E+04     1.3447E+01     4.4814E+01     O       24203

 BOND    =      143.1887  ANGLE   =      679.5598  DIHED      =     1920.6086
 VDWAALS =     3629.9701  EEL     =   -88062.2938  HBOND      =        0.0000
 1-4 VDW =      636.3456  1-4 EEL =     5592.0051  RESTRAINT  =      221.8232
 EAMBER  =   -75460.6160


   NSTEP       ENERGY          RMS            GMAX         NAME    NUMBER
    950      -7.5239E+04     1.3447E+01     4.4814E+01     O       24203

 BOND    =      143.1886  ANGLE   =      679.5593  DIHED      =     1920.6084
 VDWAALS =     3629.9619  EEL     =   -88062.2848  HBOND      =        0.0000
 1-4 VDW =      636.3456  1-4 EEL =     5592.0052  RESTRAINT  =      221.8231
 EAMBER  =   -75460.6158


   NSTEP       ENERGY          RMS            GMAX         NAME    NUMBER
   1000      -7.5239E+04     1.3447E+01     4.4814E+01     O       24203

 BOND    =      143.1885  ANGLE   =      679.5589  DIHED      =     1920.6082
 VDWAALS =     3629.9552  EEL     =   -88062.2774  HBOND      =        0.0000
 1-4 VDW =      636.3455  1-4 EEL =     5592.0053  RESTRAINT  =      221.8230
 EAMBER  =   -75460.6156


   NSTEP       ENERGY          RMS            GMAX         NAME    NUMBER
   1050      -7.5239E+04     1.3447E+01     4.4814E+01     O       24203

 BOND    =      143.1879  ANGLE   =      679.5552  DIHED      =     1920.6067
 VDWAALS =     3629.8884  EEL     =   -88062.2030  HBOND      =        0.0000
 1-4 VDW =      636.3450  1-4 EEL =     5592.0062  RESTRAINT  =      221.8221
 EAMBER  =   -75460.6136


   NSTEP       ENERGY          RMS            GMAX         NAME    NUMBER
   1100      -7.5239E+04     1.3447E+01     4.4813E+01     O       24203

 BOND    =      143.1874  ANGLE   =      679.5515  DIHED      =     1920.6053
 VDWAALS =     3629.8229  EEL     =   -88062.1306  HBOND      =        0.0000
 1-4 VDW =      636.3444  1-4 EEL =     5592.0071  RESTRAINT  =      221.8211
 EAMBER  =   -75460.6121


   NSTEP       ENERGY          RMS            GMAX         NAME    NUMBER
   1150      -7.5239E+04     1.3447E+01     4.4813E+01     O       24203

 BOND    =      143.1873  ANGLE   =      679.5511  DIHED      =     1920.6051
 VDWAALS =     3629.8156  EEL     =   -88062.1203  HBOND      =        0.0000
 1-4 VDW =      636.3443  1-4 EEL =     5592.0072  RESTRAINT  =      221.8211
 EAMBER  =   -75460.6096


   NSTEP       ENERGY          RMS            GMAX         NAME    NUMBER
   1200      -7.5239E+04     1.3447E+01     4.4813E+01     O       24203

 BOND    =      143.1872  ANGLE   =      679.5508  DIHED      =     1920.6050
 VDWAALS =     3629.8089  EEL     =   -88062.1128  HBOND      =        0.0000
 1-4 VDW =      636.3443  1-4 EEL =     5592.0072  RESTRAINT  =      221.8210
 EAMBER  =   -75460.6094


   NSTEP       ENERGY          RMS            GMAX         NAME    NUMBER
   1250      -7.5239E+04     1.3447E+01     4.4813E+01     O       24203

 BOND    =      143.1872  ANGLE   =      679.5504  DIHED      =     1920.6048
 VDWAALS =     3629.8022  EEL     =   -88062.1054  HBOND      =        0.0000
 1-4 VDW =      636.3442  1-4 EEL =     5592.0073  RESTRAINT  =      221.8209
 EAMBER  =   -75460.6092


   NSTEP       ENERGY          RMS            GMAX         NAME    NUMBER
   1300      -7.5239E+04     1.3447E+01     4.4813E+01     O       24203

 BOND    =      143.1871  ANGLE   =      679.5500  DIHED      =     1920.6047
 VDWAALS =     3629.7959  EEL     =   -88062.0978  HBOND      =        0.0000
 1-4 VDW =      636.3442  1-4 EEL =     5592.0074  RESTRAINT  =      221.8208
 EAMBER  =   -75460.6085


   NSTEP       ENERGY          RMS            GMAX         NAME    NUMBER
   1350      -7.5239E+04     1.3447E+01     4.4813E+01     O       24203

 BOND    =      143.1871  ANGLE   =      679.5497  DIHED      =     1920.6045
 VDWAALS =     3629.7893  EEL     =   -88062.0888  HBOND      =        0.0000
 1-4 VDW =      636.3441  1-4 EEL =     5592.0075  RESTRAINT  =      221.8207
 EAMBER  =   -75460.6066


   NSTEP       ENERGY          RMS            GMAX         NAME    NUMBER
   1400      -7.5239E+04     1.3447E+01     4.4813E+01     O       24203

 BOND    =      143.1865  ANGLE   =      679.5460  DIHED      =     1920.6030
 VDWAALS =     3629.7231  EEL     =   -88062.0134  HBOND      =        0.0000
 1-4 VDW =      636.3436  1-4 EEL =     5592.0084  RESTRAINT  =      221.8198
 EAMBER  =   -75460.6029


   NSTEP       ENERGY          RMS            GMAX         NAME    NUMBER
   1450      -7.5239E+04     1.3447E+01     4.4813E+01     O       24203

 BOND    =      143.1864  ANGLE   =      679.5458  DIHED      =     1920.6029
 VDWAALS =     3629.7181  EEL     =   -88062.0062  HBOND      =        0.0000
 1-4 VDW =      636.3435  1-4 EEL =     5592.0084  RESTRAINT  =      221.8197
 EAMBER  =   -75460.6010


   NSTEP       ENERGY          RMS            GMAX         NAME    NUMBER
   1500      -7.5239E+04     1.3447E+01     4.4813E+01     O       24203

 BOND    =      143.1864  ANGLE   =      679.5454  DIHED      =     1920.6028
 VDWAALS =     3629.7119  EEL     =   -88061.9985  HBOND      =        0.0000
 1-4 VDW =      636.3435  1-4 EEL =     5592.0085  RESTRAINT  =      221.8196
 EAMBER  =   -75460.6000


   NSTEP       ENERGY          RMS            GMAX         NAME    NUMBER
   1550      -7.5239E+04     1.3447E+01     4.4813E+01     O       24203

 BOND    =      143.1858  ANGLE   =      679.5418  DIHED      =     1920.6013
 VDWAALS =     3629.6456  EEL     =   -88061.9231  HBOND      =        0.0000
 1-4 VDW =      636.3430  1-4 EEL =     5592.0093  RESTRAINT  =      221.8187
 EAMBER  =   -75460.5963


   NSTEP       ENERGY          RMS            GMAX         NAME    NUMBER
   1600      -7.5239E+04     1.3447E+01     4.4812E+01     O       24203

 BOND    =      143.1761  ANGLE   =      679.4791  DIHED      =     1920.5761
 VDWAALS =     3628.5259  EEL     =   -88060.6961  HBOND      =        0.0000
 1-4 VDW =      636.3336  1-4 EEL =     5592.0240  RESTRAINT  =      221.8028
 EAMBER  =   -75460.5814


   NSTEP       ENERGY          RMS            GMAX         NAME    NUMBER
   1650      -7.5239E+04     1.3446E+01     4.4812E+01     O       24203

 BOND    =      143.1755  ANGLE   =      679.4753  DIHED      =     1920.5746
 VDWAALS =     3628.4597  EEL     =   -88060.6261  HBOND      =        0.0000
 1-4 VDW =      636.3331  1-4 EEL =     5592.0249  RESTRAINT  =      221.8019
 EAMBER  =   -75460.5831


   NSTEP       ENERGY          RMS            GMAX         NAME    NUMBER
   1700      -7.5239E+04     1.3446E+01     4.4812E+01     O       24203

 BOND    =      143.1749  ANGLE   =      679.4715  DIHED      =     1920.5731
 VDWAALS =     3628.3932  EEL     =   -88060.5534  HBOND      =        0.0000
 1-4 VDW =      636.3325  1-4 EEL =     5592.0258  RESTRAINT  =      221.8009
 EAMBER  =   -75460.5825


   NSTEP       ENERGY          RMS            GMAX         NAME    NUMBER
   1750      -7.5239E+04     1.3446E+01     4.4812E+01     O       24203

 BOND    =      143.1738  ANGLE   =      679.4645  DIHED      =     1920.5702
 VDWAALS =     3628.2670  EEL     =   -88060.4106  HBOND      =        0.0000
 1-4 VDW =      636.3314  1-4 EEL =     5592.0274  RESTRAINT  =      221.7992
 EAMBER  =   -75460.5763


   NSTEP       ENERGY          RMS            GMAX         NAME    NUMBER
   1800      -7.5239E+04     1.3446E+01     4.4812E+01     O       24203

 BOND    =      143.1738  ANGLE   =      679.4641  DIHED      =     1920.5701
 VDWAALS =     3628.2603  EEL     =   -88060.4031  HBOND      =        0.0000
 1-4 VDW =      636.3314  1-4 EEL =     5592.0275  RESTRAINT  =      221.7991
 EAMBER  =   -75460.5761


   NSTEP       ENERGY          RMS            GMAX         NAME    NUMBER
   1850      -7.5239E+04     1.3446E+01     4.4812E+01     O       24203

 BOND    =      143.1737  ANGLE   =      679.4637  DIHED      =     1920.5699
 VDWAALS =     3628.2536  EEL     =   -88060.3945  HBOND      =        0.0000
 1-4 VDW =      636.3313  1-4 EEL =     5592.0276  RESTRAINT  =      221.7990
 EAMBER  =   -75460.5747


   NSTEP       ENERGY          RMS            GMAX         NAME    NUMBER
   1900      -7.5239E+04     1.3446E+01     4.4812E+01     O       24203

 BOND    =      143.1736  ANGLE   =      679.4633  DIHED      =     1920.5698
 VDWAALS =     3628.2469  EEL     =   -88060.3870  HBOND      =        0.0000
 1-4 VDW =      636.3313  1-4 EEL =     5592.0277  RESTRAINT  =      221.7989
 EAMBER  =   -75460.5744


   NSTEP       ENERGY          RMS            GMAX         NAME    NUMBER
   1950      -7.5239E+04     1.3446E+01     4.4812E+01     O       24203

 BOND    =      143.1736  ANGLE   =      679.4630  DIHED      =     1920.5696
 VDWAALS =     3628.2402  EEL     =   -88060.3795  HBOND      =        0.0000
 1-4 VDW =      636.3312  1-4 EEL =     5592.0278  RESTRAINT  =      221.7988
 EAMBER  =   -75460.5742


   NSTEP       ENERGY          RMS            GMAX         NAME    NUMBER
   2000      -7.5239E+04     1.3446E+01     4.4812E+01     O       24203

 BOND    =      143.1735  ANGLE   =      679.4626  DIHED      =     1920.5695
 VDWAALS =     3628.2335  EEL     =   -88060.3721  HBOND      =        0.0000
 1-4 VDW =      636.3312  1-4 EEL =     5592.0279  RESTRAINT  =      221.7987
 EAMBER  =   -75460.5740


  Maximum number of minimization cycles reached.


                    FINAL RESULTS



   NSTEP       ENERGY          RMS            GMAX         NAME    NUMBER
   2000      -7.5239E+04     1.3446E+01     4.4812E+01     O       24203

 BOND    =      143.1735  ANGLE   =      679.4626  DIHED      =     1920.5695
 VDWAALS =     3628.2335  EEL     =   -88060.3721  HBOND      =        0.0000
 1-4 VDW =      636.3312  1-4 EEL =     5592.0279  RESTRAINT  =      221.7987
 EAMBER  =   -75460.5740
--------------------------------------------------------------------------------
   5.  TIMINGS
--------------------------------------------------------------------------------

|  NonSetup CPU Time in Major Routines, Average for All Tasks:
|
|     Routine           Sec        %
|     ------------------------------
|     DataDistrib       4.57    8.26
|     Nonbond          49.31   89.17
|     Bond              0.01    0.03
|     Angle             0.17    0.30
|     Dihedral          0.83    1.50
|     Shake             0.31    0.56
|     Other             0.10    0.18
|     ------------------------------
|     Total            55.30

|  PME Nonbond Pairlist CPU Time, Average for All Tasks:
|
|     Routine              Sec        %
|     ---------------------------------
|     Set Up Cit           0.05    0.09
|     Build List           1.25    2.26
|     ---------------------------------
|     Total                1.30    2.35

|  PME Direct Force CPU Time, Average for All Tasks:
|
|     Routine              Sec        %
|     ---------------------------------
|     NonBonded Calc      38.78   70.12
|     Exclude Masked       0.51    0.92
|     Other                0.56    1.01
|     ---------------------------------
|     Total               39.85   72.06

|  PME Reciprocal Force CPU Time, Average for All Tasks:
|
|     Routine              Sec        %
|     ---------------------------------
|     1D bspline           0.46    0.83
|     Grid Charges         0.78    1.41
|     Scalar Sum           1.17    2.11
|     Gradient Sum         1.10    1.99
|     FFT                  4.43    8.01
|     ---------------------------------
|     Total                7.94   14.36

|  PME Load Balancing CPU Time, Average for All Tasks:
|
|     Routine                 Sec        %
|     ------------------------------------
|     Atom Reassign           0.00    0.00
|     Image Reassign          0.00    0.00
|     FFT Reassign            0.00    0.00
|     ------------------------------------
|     Total                   0.00    0.00

|  Master Setup CPU time:            0.35 seconds
|  Master NonSetup CPU time:        55.28 seconds
|  Master Total CPU time:           55.63 seconds     0.02 hours

|  Master Setup wall time:           1    seconds
|  Master NonSetup wall time:       55    seconds
|  Master Total wall time:          56    seconds     0.02 hours
