
 -----------------------------------------------
      Restrained ESP Fit 2.3  Amber 4.1
 -----------------------------------------------
 Resp charges for organic molecule                                               
 -----------------------------------------------


 inopt       =     0   ioutopt     =     1
 nmol        =     1   iqopt       =     0
 ihfree      =     1   irstrnt     =     1
 iunits      =     0   qwt         =   0.00050000
 wtmol(1) =     1.000000
 subtitle:

Resp charges for organic molecule                                               
ich =   0  iuniq =  44
    1    7    0
    2    6    0
    3    7    0
    4    7    0
    5    8    0
    6    8    5
    7    7    0
    8    6    0
    9    6    0
   10    6    0
   11    6    0
   12    7    0
   13    6    0
   14    8    0
   15    7    0
   16    6    0
   17    6    0
   18    8    0
   19    7    0
   20    6    0
   21    6    0
   22    7    0
   23    1    0
   24    1    0
   25    1    0
   26    1    0
   27    1    0
   28    1    0
   29    1    0
   30    1    0
   31    1    0
   32    1    0
   33    1    0
   34    1   33
   35    1    0
   36    1    0
   37    1    0
   38    1   37
   39    1    0
   40    1    0
   41    1    0
   42    1    0
   43    1    0
   44    1   43

  ----------------------------------------------------------------------------
     ATOM                       COORDINATES                         CHARGE
                       X             Y                Z
  ----------------------------------------------------------------------------
  ----------------------------------------------------------------------------


 Charge on the molecule(ich) =    0
 Total number of atoms (iuniq)     =   44
 Weight factor on initial charge restraints(qwt)=     0.50000D-03


  there are  1 charge constraints:


     1       1
     2       1
     3       1
     4       1
     5       1
     6       1
     7       1
     8       1
     9       1
    10       1
    11       1
    12       1
    13       1
    14       1
    15       1
    16       1
    17       1
    18       1
    19       1
    20       1
    21       1
    22       1
    23       1
    24       1
    25       1
    26       1
    27       1
    28       1
    29       1
    30       1
    31       1
    32       1
    33       1
    34       1
    35       1
    36       1
    37       1
    38       1
    39       1
    40       1
    41       1
    42       1
    43       1
    44       1

 Reading esp"s for molecule   1
 total number of atoms      =    44
 total number of esp points = 11347


 center     X       Y       Z 
    1   0.9480493E+01   0.1889833E+01  -0.2478922E+01
    2   0.9457308E+01   0.5468133E+00  -0.5485415E+00
    3   0.1152761E+02  -0.3188821E+00   0.9413941E+00
    4   0.1397993E+02   0.2743081E+00   0.5799933E+00
    5   0.1448261E+02   0.2105161E+01  -0.6268709E+00
    6   0.1544966E+02  -0.1104205E+01   0.1588574E+01
    7   0.7289640E+01  -0.4820310E+00   0.4724314E+00
    8   0.4885846E+01   0.1386314E+00  -0.7175864E+00
    9   0.2760518E+01  -0.1359926E+01   0.5241259E+00
   10   0.1956372E+00  -0.7948681E+00  -0.6829334E+00
   11  -0.2019785E+01  -0.2208655E+01   0.5695847E+00
   12  -0.1979889E+01  -0.4941536E+01   0.3648944E+00
   13  -0.4467083E+01  -0.1330338E+01  -0.6717933E+00
   14  -0.5006605E+01  -0.2019616E+01  -0.2774903E+01
   15  -0.5911280E+01   0.2563813E+00   0.6902131E+00
   16  -0.8149300E+01   0.1462867E+01  -0.3022716E+00
   17  -0.8116758E+01   0.4208610E+01   0.5827289E+00
   18  -0.7056694E+01   0.4826039E+01   0.2492317E+01
   19  -0.9424042E+01   0.5851491E+01  -0.8614656E+00
   20  -0.1060689E+02   0.1930041E+00   0.5974240E+00
   21  -0.1088240E+02  -0.2542327E+01  -0.2748820E+00
   22  -0.1325818E+02  -0.3566107E+01   0.6614427E+00
   23   0.1121354E+02   0.2375725E+01  -0.3044580E+01
   24   0.1138043E+02  -0.2018852E+01   0.1740445E+01
   25   0.7242257E+01  -0.3767980E+00   0.2358051E+01
   26   0.5032708E+01  -0.3382312E+00  -0.2697462E+01
   27   0.4511730E+01   0.2154679E+01  -0.6144851E+00
   28   0.2681641E+01  -0.9108831E+00   0.2532778E+01
   29   0.3203121E+01  -0.3358002E+01   0.3779169E+00
   30   0.2312603E+00  -0.1279818E+01  -0.2676724E+01
   31  -0.1643089E+00   0.1227272E+01  -0.5703473E+00
   32  -0.2057706E+01  -0.1735145E+01   0.2566166E+01
   33  -0.2183589E+01  -0.5455450E+01  -0.1445421E+01
   34  -0.3659596E+00  -0.5670939E+01   0.1024224E+01
   35  -0.5316221E+01   0.8810402E+00   0.2362251E+01
   36  -0.8039443E+01   0.1380093E+01  -0.2342223E+01
   37  -0.1011947E+02   0.5384304E+01  -0.2540621E+01
   38  -0.9453257E+01   0.7661966E+01  -0.3517249E+00
   39  -0.1220384E+02   0.1287879E+01  -0.9571969E-01
   40  -0.1069215E+02   0.2531834E+00   0.2644811E+01
   41  -0.9363569E+01  -0.3666100E+01   0.5077204E+00
   42  -0.1069520E+02  -0.2641752E+01  -0.2323992E+01
   43  -0.1472901E+02  -0.2805940E+01  -0.2585299E+00
   44  -0.1333724E+02  -0.5434335E+01   0.3695287E+00
 Initial ssvpot =     4.589


 Number of unique UNfrozen centers=   40

 Non-linear optimization requested.
 qchnge =    0.8060268916E-01
 qchnge =    0.1716171197E-02
 qchnge =    0.2183088829E-03
 qchnge =    0.3158136438E-04
 qchnge =    0.4689045189E-05
 qchnge =    0.7004420968E-06

 Convergence in    5 iterations


Resp charges for organic molecule                                               

          Point Charges Before & After Optimization

    no.  At.no.    q(init)       q(opt)     ivary    d(rstr)/dq
    1   7       0.000000      -0.936990      0       0.000531
    2   6       0.000000       0.998242      0       0.000498
    3   7       0.000000      -0.691354      0       0.000716
    4   7       0.000000       0.922961      0       0.000539
    5   8       0.000000      -0.470146      0       0.001040
    6   8       0.000000      -0.470146      5       0.001040
    7   7       0.000000      -0.862784      0       0.000576
    8   6       0.000000       0.203753      0       0.002203
    9   6       0.000000       0.139182      0       0.002917
   10   6       0.000000      -0.291843      0       0.001621
   11   6       0.000000       0.239579      0       0.001926
   12   7       0.000000      -1.100038      0       0.000453
   13   6       0.000000       0.690512      0       0.000717
   14   8       0.000000      -0.617476      0       0.000799
   15   7       0.000000      -0.588992      0       0.000837
   16   6       0.000000      -0.013279      0       0.004957
   17   6       0.000000       0.860099      0       0.000577
   18   8       0.000000      -0.605701      0       0.000814
   19   7       0.000000      -1.111474      0       0.000448
   20   6       0.000000      -0.096970      0       0.003589
   21   6       0.000000       0.370247      0       0.001304
   22   7       0.000000      -1.087258      0       0.000458
   23   1       0.000000       0.441981      0       0.000000
   24   1       0.000000       0.379000      0       0.000000
   25   1       0.000000       0.368701      0       0.000000
   26   1       0.000000       0.062735      0       0.000000
   27   1       0.000000       0.022364      0       0.000000
   28   1       0.000000      -0.006323      0       0.000000
   29   1       0.000000      -0.013105      0       0.000000
   30   1       0.000000       0.091449      0       0.000000
   31   1       0.000000       0.040982      0       0.000000
   32   1       0.000000       0.075861      0       0.000000
   33   1       0.000000       0.420895      0       0.000000
   34   1       0.000000       0.420895     33       0.000000
   35   1       0.000000       0.288109      0       0.000000
   36   1       0.000000       0.100499      0       0.000000
   37   1       0.000000       0.458035      0       0.000000
   38   1       0.000000       0.458035     37       0.000000
   39   1       0.000000       0.040407      0       0.000000
   40   1       0.000000       0.077028      0       0.000000
   41   1       0.000000       0.056361      0       0.000000
   42   1       0.000000      -0.042638      0       0.000000
   43   1       0.000000       0.389303      0       0.000000
   44   1       0.000000       0.389303     43       0.000000

 Sum over the calculated charges:      0.000

        Statistics of the fitting:
  The initial sum of squares (ssvpot)                      4.589
  The residual sum of squares (chipot)                     0.029
  The std err of estimate (sqrt(chipot/N))               0.00159
  ESP relative RMS (SQRT(chipot/ssvpot))                 0.07912

 Center of Mass (Angst.):

 X  =   0.00000      Y  =   0.00000      Z  =   0.00000

 Dipole (Debye):

 X  =  -4.09835      Y  =  -0.20601      Z  =  -0.51310

 Dipole Moment (Debye)=   4.13548

 Quadrupole (Debye*Angst.):

 Qxx = -44.88322     QYY =  34.71343     QZZ =  10.16979
 Qxy = -51.25122     QXZ =  85.02696     QYZ =  -2.44970
