
 -----------------------------------------------
      Restrained ESP Fit 2.3  Amber 4.1
 -----------------------------------------------
 Resp charges for organic molecule                                               
 -----------------------------------------------


 inopt       =     0   ioutopt     =     1
 nmol        =     1   iqopt       =     0
 ihfree      =     1   irstrnt     =     1
 iunits      =     0   qwt         =   0.00050000
 wtmol(1) =     1.000000
 subtitle:

Resp charges for organic molecule                                               
ich =   0  iuniq =  36
    1    6    0
    2    6    0
    3    6    0
    4    7    0
    5    6    0
    6    6    0
    7    6    0
    8    7    0
    9    8    0
   10    8    9
   11    6    0
   12    6    0
   13    6    0
   14    6    0
   15    1    0
   16    1    0
   17    1    0
   18    1    0
   19    1    0
   20    1    0
   21    1   20
   22    1    0
   23    1    0
   24    1    0
   25    1    0
   26    1    0
   27    1   26
   28    1    0
   29    1    0
   30    1    0
   31    1    0
   32    1    0
   33    1    0
   34    1    0
   35    1    0
   36    1    0

  ----------------------------------------------------------------------------
     ATOM                       COORDINATES                         CHARGE
                       X             Y                Z
  ----------------------------------------------------------------------------
  ----------------------------------------------------------------------------


 Charge on the molecule(ich) =    0
 Total number of atoms (iuniq)     =   36
 Weight factor on initial charge restraints(qwt)=     0.50000D-03


  there are  1 charge constraints:


     1       1
     2       1
     3       1
     4       1
     5       1
     6       1
     7       1
     8       1
     9       1
    10       1
    11       1
    12       1
    13       1
    14       1
    15       1
    16       1
    17       1
    18       1
    19       1
    20       1
    21       1
    22       1
    23       1
    24       1
    25       1
    26       1
    27       1
    28       1
    29       1
    30       1
    31       1
    32       1
    33       1
    34       1
    35       1
    36       1

 Reading esp"s for molecule   1
 total number of atoms      =    36
 total number of esp points =  8463


 center     X       Y       Z 
    1  -0.9855952E+01  -0.4988761E+00   0.6080227E+00
    2  -0.8712821E+01   0.2095310E+01   0.5844515E+00
    3  -0.7623103E+01   0.4956835E-01  -0.1028599E+01
    4   0.1405004E+01   0.3332574E+01  -0.1048630E+00
    5   0.1754481E+01   0.6748797E+00  -0.7246421E+00
    6  -0.6743867E+00  -0.7535833E+00  -0.1420825E-01
    7  -0.3047825E+01   0.3316481E+00  -0.1269821E+01
    8  -0.5239894E+01  -0.1003165E+01  -0.2979427E+00
    9  -0.4732485E+00  -0.3330864E+01  -0.6817594E+00
   10  -0.9248072E+00  -0.6531567E+00   0.2575229E+01
   11   0.4103255E+01  -0.5564187E+00   0.4640455E+00
   12   0.6600418E+01   0.5777028E+00  -0.4575564E+00
   13   0.8913581E+01  -0.7536582E+00   0.6560157E+00
   14   0.1141285E+02   0.3771025E+00  -0.2470286E+00
   15  -0.1166348E+02  -0.7704546E+00  -0.2819770E+00
   16  -0.9536485E+01  -0.1651921E+01   0.2250041E+01
   17  -0.7633841E+01   0.2661593E+01   0.2210190E+01
   18  -0.9739562E+01   0.3598381E+01  -0.3205447E+00
   19  -0.7978360E+01   0.1971331E+00  -0.3037332E+01
   20   0.1275917E+01   0.3535928E+01   0.1774239E+01
   21   0.2872093E+01   0.4367747E+01  -0.6965265E+00
   22   0.1931392E+01   0.5642922E+00  -0.2773453E+01
   23  -0.2866494E+01   0.1908559E+00  -0.3323492E+01
   24  -0.3215550E+01   0.2308629E+01  -0.8044075E+00
   25  -0.5149390E+01  -0.2831481E+01  -0.7765056E+00
   26  -0.1507644E+00  -0.3473060E+01  -0.2438550E+01
   27  -0.2626529E+01  -0.1088766E+01   0.2964593E+01
   28   0.4087588E+01  -0.2563704E+01   0.5194888E-01
   29   0.3971830E+01  -0.3846491E+00   0.2504672E+01
   30   0.6698352E+01   0.2574281E+01   0.2449061E-01
   31   0.6690420E+01   0.4746379E+00  -0.2512851E+01
   32   0.8849919E+01  -0.2748682E+01   0.1658557E+00
   33   0.8824356E+01  -0.6631949E+00   0.2707432E+01
   34   0.1301439E+02  -0.6084491E+00   0.5731270E+00
   35   0.1158608E+02   0.2583979E+00  -0.2289531E+01
   36   0.1156384E+02   0.2356736E+01   0.2763841E+00
 Initial ssvpot =     1.297


 Number of unique UNfrozen centers=   33

 Non-linear optimization requested.
 qchnge =    0.5518713363E-01
 qchnge =    0.1947026952E-02
 qchnge =    0.2479066501E-03
 qchnge =    0.3779981370E-04
 qchnge =    0.5960610181E-05
 qchnge =    0.9457593986E-06

 Convergence in    5 iterations


Resp charges for organic molecule                                               

          Point Charges Before & After Optimization

    no.  At.no.    q(init)       q(opt)     ivary    d(rstr)/dq
    1   6       0.000000      -0.320612      0       0.001489
    2   6       0.000000      -0.293078      0       0.001615
    3   6       0.000000       0.079936      0       0.003906
    4   7       0.000000      -1.090488      0       0.000457
    5   6       0.000000       0.352915      0       0.001363
    6   6       0.000000       0.530939      0       0.000925
    7   6       0.000000       0.045540      0       0.004550
    8   7       0.000000      -0.416317      0       0.001168
    9   8       0.000000      -0.654055      0       0.000756
   10   8       0.000000      -0.654055      9       0.000756
   11   6       0.000000      -0.252298      0       0.001842
   12   6       0.000000       0.072585      0       0.004046
   13   6       0.000000       0.141450      0       0.002886
   14   6       0.000000      -0.294701      0       0.001607
   15   1       0.000000       0.138535      0       0.000000
   16   1       0.000000       0.129934      0       0.000000
   17   1       0.000000       0.147690      0       0.000000
   18   1       0.000000       0.128086      0       0.000000
   19   1       0.000000       0.083610      0       0.000000
   20   1       0.000000       0.403519      0       0.000000
   21   1       0.000000       0.403519     20       0.000000
   22   1       0.000000       0.001273      0       0.000000
   23   1       0.000000      -0.013859      0       0.000000
   24   1       0.000000       0.048015      0       0.000000
   25   1       0.000000       0.234244      0       0.000000
   26   1       0.000000       0.393371      0       0.000000
   27   1       0.000000       0.393371     26       0.000000
   28   1       0.000000       0.026935      0       0.000000
   29   1       0.000000       0.092880      0       0.000000
   30   1       0.000000      -0.019479      0       0.000000
   31   1       0.000000      -0.009115      0       0.000000
   32   1       0.000000      -0.008682      0       0.000000
   33   1       0.000000      -0.018169      0       0.000000
   34   1       0.000000       0.071337      0       0.000000
   35   1       0.000000       0.059678      0       0.000000
   36   1       0.000000       0.065547      0       0.000000

 Sum over the calculated charges:      0.000

        Statistics of the fitting:
  The initial sum of squares (ssvpot)                      1.297
  The residual sum of squares (chipot)                     0.022
  The std err of estimate (sqrt(chipot/N))               0.00161
  ESP relative RMS (SQRT(chipot/ssvpot))                 0.13025

 Center of Mass (Angst.):

 X  =   0.00000      Y  =   0.00000      Z  =   0.00000

 Dipole (Debye):

 X  =  -0.18918      Y  =   0.38014      Z  =  -2.23059

 Dipole Moment (Debye)=   2.27064

 Quadrupole (Debye*Angst.):

 Qxx =  10.19966     QYY = -11.16037     QZZ =   0.96071
 Qxy = -12.99097     QXZ = -17.38083     QYZ =  -8.16638
