
 -----------------------------------------------
      Restrained ESP Fit 2.3  Amber 4.1
 -----------------------------------------------
 Resp charges for organic molecule                                               
 -----------------------------------------------


 inopt       =     0   ioutopt     =     1
 nmol        =     1   iqopt       =     2
 ihfree      =     1   irstrnt     =     1
 iunits      =     0   qwt         =   0.00100000
 wtmol(1) =     1.000000
 subtitle:

Resp charges for organic molecule                                               
ich =   0  iuniq =  36
    1    6    0
    2    6    1
    3    6  -99
    4    7  -99
    5    6  -99
    6    6  -99
    7    6    0
    8    7  -99
    9    8  -99
   10    8  -99
   11    6    0
   12    6    0
   13    6    0
   14    6    0
   15    1    0
   16    1   15
   17    1   15
   18    1   15
   19    1  -99
   20    1  -99
   21    1  -99
   22    1  -99
   23    1    0
   24    1   23
   25    1  -99
   26    1  -99
   27    1  -99
   28    1    0
   29    1   28
   30    1    0
   31    1   30
   32    1    0
   33    1   32
   34    1    0
   35    1   34
   36    1   34
 new q0 values to be read  36

  ----------------------------------------------------------------------------
     ATOM                       COORDINATES                         CHARGE
                       X             Y                Z
  ----------------------------------------------------------------------------
  ----------------------------------------------------------------------------


 Charge on the molecule(ich) =    0
 Total number of atoms (iuniq)     =   36
 Weight factor on initial charge restraints(qwt)=     0.10000D-02


  there are  1 charge constraints:


     1       1
     2       1
     3       1
     4       1
     5       1
     6       1
     7       1
     8       1
     9       1
    10       1
    11       1
    12       1
    13       1
    14       1
    15       1
    16       1
    17       1
    18       1
    19       1
    20       1
    21       1
    22       1
    23       1
    24       1
    25       1
    26       1
    27       1
    28       1
    29       1
    30       1
    31       1
    32       1
    33       1
    34       1
    35       1
    36       1

 Reading esp"s for molecule   1
 total number of atoms      =    36
 total number of esp points =  8463


 center     X       Y       Z 
    1  -0.9855952E+01  -0.4988761E+00   0.6080227E+00
    2  -0.8712821E+01   0.2095310E+01   0.5844515E+00
    3  -0.7623103E+01   0.4956835E-01  -0.1028599E+01
    4   0.1405004E+01   0.3332574E+01  -0.1048630E+00
    5   0.1754481E+01   0.6748797E+00  -0.7246421E+00
    6  -0.6743867E+00  -0.7535833E+00  -0.1420825E-01
    7  -0.3047825E+01   0.3316481E+00  -0.1269821E+01
    8  -0.5239894E+01  -0.1003165E+01  -0.2979427E+00
    9  -0.4732485E+00  -0.3330864E+01  -0.6817594E+00
   10  -0.9248072E+00  -0.6531567E+00   0.2575229E+01
   11   0.4103255E+01  -0.5564187E+00   0.4640455E+00
   12   0.6600418E+01   0.5777028E+00  -0.4575564E+00
   13   0.8913581E+01  -0.7536582E+00   0.6560157E+00
   14   0.1141285E+02   0.3771025E+00  -0.2470286E+00
   15  -0.1166348E+02  -0.7704546E+00  -0.2819770E+00
   16  -0.9536485E+01  -0.1651921E+01   0.2250041E+01
   17  -0.7633841E+01   0.2661593E+01   0.2210190E+01
   18  -0.9739562E+01   0.3598381E+01  -0.3205447E+00
   19  -0.7978360E+01   0.1971331E+00  -0.3037332E+01
   20   0.1275917E+01   0.3535928E+01   0.1774239E+01
   21   0.2872093E+01   0.4367747E+01  -0.6965265E+00
   22   0.1931392E+01   0.5642922E+00  -0.2773453E+01
   23  -0.2866494E+01   0.1908559E+00  -0.3323492E+01
   24  -0.3215550E+01   0.2308629E+01  -0.8044075E+00
   25  -0.5149390E+01  -0.2831481E+01  -0.7765056E+00
   26  -0.1507644E+00  -0.3473060E+01  -0.2438550E+01
   27  -0.2626529E+01  -0.1088766E+01   0.2964593E+01
   28   0.4087588E+01  -0.2563704E+01   0.5194888E-01
   29   0.3971830E+01  -0.3846491E+00   0.2504672E+01
   30   0.6698352E+01   0.2574281E+01   0.2449061E-01
   31   0.6690420E+01   0.4746379E+00  -0.2512851E+01
   32   0.8849919E+01  -0.2748682E+01   0.1658557E+00
   33   0.8824356E+01  -0.6631949E+00   0.2707432E+01
   34   0.1301439E+02  -0.6084491E+00   0.5731270E+00
   35   0.1158608E+02   0.2583979E+00  -0.2289531E+01
   36   0.1156384E+02   0.2356736E+01   0.2763841E+00
 Initial ssvpot =     1.297


 Number of unique UNfrozen centers=   12

 Non-linear optimization requested.
 qchnge =    0.5490197812E-01
 qchnge =    0.1819312871E-02
 qchnge =    0.2657334534E-03
 qchnge =    0.4640979394E-04
 qchnge =    0.8282845757E-05
 qchnge =    0.1482686415E-05
 qchnge =    0.2655223879E-06

 Convergence in    6 iterations


Resp charges for organic molecule                                               

          Point Charges Before & After Optimization

    no.  At.no.    q(init)       q(opt)     ivary    d(rstr)/dq
    1   6      -0.320612      -0.369540      0       0.002612
    2   6      -0.293078      -0.369540      1       0.002612
    3   6       0.079936       0.079936    -99       0.007811
    4   7      -1.090488      -1.090488    -99       0.000913
    5   6       0.352915       0.352915    -99       0.002726
    6   6       0.530939       0.530939    -99       0.001851
    7   6       0.045540      -0.004140      0       0.009991
    8   7      -0.416317      -0.416317    -99       0.002336
    9   8      -0.654055      -0.654055    -99       0.001511
   10   8      -0.654055      -0.654055    -99       0.001511
   11   6      -0.252298      -0.216865      0       0.004187
   12   6       0.072585       0.011081      0       0.009939
   13   6       0.141450       0.139660      0       0.005822
   14   6      -0.294701      -0.217835      0       0.004172
   15   1       0.138535       0.167782      0       0.000000
   16   1       0.129934       0.167782     15       0.000000
   17   1       0.147690       0.167782     15       0.000000
   18   1       0.128086       0.167782     15       0.000000
   19   1       0.083610       0.083610    -99       0.000000
   20   1       0.403519       0.403519    -99       0.000000
   21   1       0.403519       0.403519    -99       0.000000
   22   1       0.001273       0.001273    -99       0.000000
   23   1      -0.013859       0.037979      0       0.000000
   24   1       0.048015       0.037979     23       0.000000
   25   1       0.234244       0.234244    -99       0.000000
   26   1       0.393371       0.393371    -99       0.000000
   27   1       0.393371       0.393371    -99       0.000000
   28   1       0.026935       0.059328      0       0.000000
   29   1       0.092880       0.059328     28       0.000000
   30   1      -0.019479      -0.002431      0       0.000000
   31   1      -0.009115      -0.002431     30       0.000000
   32   1      -0.008682      -0.016446      0       0.000000
   33   1      -0.018169      -0.016446     32       0.000000
   34   1       0.071337       0.045803      0       0.000000
   35   1       0.059678       0.045803     34       0.000000
   36   1       0.065547       0.045803     34       0.000000

 Sum over the calculated charges:      0.000

        Statistics of the fitting:
  The initial sum of squares (ssvpot)                      1.297
  The residual sum of squares (chipot)                     0.051
  The std err of estimate (sqrt(chipot/N))               0.00245
  ESP relative RMS (SQRT(chipot/ssvpot))                 0.19777

 Center of Mass (Angst.):

 X  =   0.00000      Y  =   0.00000      Z  =   0.00000

 Dipole (Debye):

 X  =  -0.37888      Y  =   0.08359      Z  =  -2.55141

 Dipole Moment (Debye)=   2.58075

 Quadrupole (Debye*Angst.):

 Qxx =  12.12152     QYY = -12.08364     QZZ =  -0.03787
 Qxy = -15.32586     QXZ = -21.35415     QYZ = -11.60869
