#################################################################
# If you used AutoDock Vina in your work, please cite:          #
#                                                               #
# O. Trott, A. J. Olson,                                        #
# AutoDock Vina: improving the speed and accuracy of docking    #
# with a new scoring function, efficient optimization and       #
# multithreading, Journal of Computational Chemistry 31 (2010)  #
# 455-461                                                       #
#                                                               #
# DOI 10.1002/jcc.21334                                         #
#                                                               #
# Please see http://vina.scripps.edu for more information.      #
#################################################################

Detected 16 CPUs
WARNING: at low exhaustiveness, it may be impossible to utilize all CPUs
Reading input ... done.
Setting up the scoring function ... done.
Analyzing the binding site ... done.
Using random seed: -78333304
Performing search ... done.
Refining results ... done.

mode |   affinity | dist from best mode
     | (kcal/mol) | rmsd l.b.| rmsd u.b.
-----+------------+----------+----------
   1         -0.0      0.000      0.000
   2          0.0      3.485      6.832
   3          0.0      4.777      6.831
   4          0.0      4.027      5.872
   5          0.0      5.191      6.718
   6          0.0      4.899      7.287
   7          0.0      5.288      7.782
   8          0.0      6.140      9.938
   9          0.0      4.366      6.214
Writing output ... done.
