
CPPTRAJ: Trajectory Analysis. V15.00
    ___  ___  ___  ___
     | \/ | \/ | \/ | 
    _|_/\_|_/\_|_/\_|_

| Date/time: 01/30/16  15:40:52
| Available memory: 118468 MB

INPUT: Reading Input from file /oasis/scratch/comet/pieong/temp_project/MD_Test_Oct/r175h_stictic/rmsd_analysis_heat.sh
  [parm r175h_stictic.top]
	Reading 'r175h_stictic.top' as Amber Topology
Warning: Could not determine atomic number from mass (3.000000) [D1  ]
Warning: Could not determine atomic number from name [D1  ]
Warning: Could not determine atomic number from mass (3.000000) [D2  ]
Warning: Could not determine atomic number from name [D2  ]
Warning: Could not determine atomic number from mass (3.000000) [D3  ]
Warning: Could not determine atomic number from name [D3  ]
Warning: Could not determine atomic number from mass (3.000000) [D4  ]
Warning: Could not determine atomic number from name [D4  ]
  [trajin md1.nc]
	Reading 'md1.nc' as Amber NetCDF
  [reference min5.rst]
	Reading 'min5.rst' as Amber Restart
  [rmsd reference @CA out md1_rmsd.txt]
	Reference mask: [@CA](194)
    RMSD: (@CA), reference is "min5.rst" (@CA), with fitting.
  [run]
---------- RUN BEGIN -------------------------------------------------

PARAMETER FILES:
 0: 'r175h_stictic.top', 26731 atoms, 8091 res, box: Orthogonal, 7898 mol, 7895 solvent, 1000 frames

INPUT TRAJECTORIES:
 0: 'md1.nc' is a NetCDF AMBER trajectory, Parm r175h_stictic.top (Orthogonal box) (reading 1000 of 1000)
  Coordinate processing will occur on 1000 frames.

REFERENCE FRAMES (1 total):
    0: 'min5.rst', frame 1
	Active reference frame for distance-based masks is 0
TIME: Run Initialization took 0.0000 seconds.

BEGIN TRAJECTORY PROCESSING:
.....................................................
ACTION SETUP FOR PARM 'r175h_stictic.top' (1 actions):
  0: [rmsd reference @CA out md1_rmsd.txt]
	Target mask: [@CA](194)
Warning: Coordinates are being rotated and box coordinates are present.
Warning: Unit cell vectors are NOT rotated; imaging will not be possible
Warning:  after the RMS-fit is performed.
----- md1.nc (1-1000, 1) -----
 0% 10% 20% 30% 40% 50% 60% 70% 80% 90% 100% Complete.

Read 1000 frames and processed 1000 frames.
TIME: Trajectory processing: 0.6593 s
TIME: Avg. throughput= 1516.7050 frames / second.

ACTION OUTPUT:

DATASETS:
  2 data sets:
	min5.rst:1 "default_name" (reference), size is 1, refindex 0 (26731 atoms)
	RMSD_00001 "RMSD_00001" (double, rms), size is 1000

DATAFILES:
  md1_rmsd.txt (Standard Data File):  RMSD_00001
---------- RUN END ---------------------------------------------------
TIME: Total execution time: 0.8648 seconds.
--------------------------------------------------------------------------------
To cite CPPTRAJ use:
Daniel R. Roe and Thomas E. Cheatham, III, "PTRAJ and CPPTRAJ: Software for
  Processing and Analysis of Molecular Dynamics Trajectory Data". J. Chem.
  Theory Comput., 2013, 9 (7), pp 3084-3095.

